1647013600988	geckodriver	INFO	Listening on 127.0.0.1:58953
1647013600990	mozrunner::runner	INFO	Running command: "/usr/bin/firefox" "--marionette" "--remote-debugging-port" "57061" "-no-remote" "-profile" "/tmp/rust_mozprofilemvcKuU"
1647013601364	Marionette	INFO	Marionette enabled
console.warn: SearchSettings: "get: No settings file exists, new profile?" (new NotFoundError("Could not open the file at /tmp/rust_mozprofilemvcKuU/search.json.mozlz4", (void 0)))
DevTools listening on ws://localhost:57061/devtools/browser/c140be6b-bc03-4ca2-ac85-26f8e7c434af
1647013602321	Marionette	INFO	Listening on port 41249
1647013602410	RemoteAgent	WARN	TLS certificate errors will be ignored for this session
1647013610035	Marionette	INFO	Stopped listening on port 41249
console.warn: TopSitesFeed: Failed to fetch data from Contile server: NetworkError when attempting to fetch resource.

###!!! [Parent][PImageBridgeParent] Error: RunMessage(msgname=PImageBridge::Msg_WillClose) Channel closing: too late to send/recv, messages will be lost

1647013843776	geckodriver	INFO	Listening on 127.0.0.1:33175
1647013843778	mozrunner::runner	INFO	Running command: "/usr/bin/firefox" "--marionette" "--remote-debugging-port" "58779" "-no-remote" "-profile" "/tmp/rust_mozprofileMdInYj"
1647013844141	Marionette	INFO	Marionette enabled
console.warn: SearchSettings: "get: No settings file exists, new profile?" (new NotFoundError("Could not open the file at /tmp/rust_mozprofileMdInYj/search.json.mozlz4", (void 0)))
DevTools listening on ws://localhost:58779/devtools/browser/f15bf218-ee58-4141-aa70-207a62e4648d
1647013844964	Marionette	INFO	Listening on port 38721
1647013844998	RemoteAgent	WARN	TLS certificate errors will be ignored for this session
1647013849071	Marionette	INFO	Stopped listening on port 38721
console.warn: TopSitesFeed: Failed to fetch data from Contile server: NetworkError when attempting to fetch resource.

###!!! [Parent][PImageBridgeParent] Error: RunMessage(msgname=PImageBridge::Msg_WillClose) Channel closing: too late to send/recv, messages will be lost

1647013890962	geckodriver	INFO	Listening on 127.0.0.1:48781
1647013890964	mozrunner::runner	INFO	Running command: "/usr/bin/firefox" "--marionette" "--remote-debugging-port" "47035" "-no-remote" "-profile" "/tmp/rust_mozprofilez0row3"
1647013891326	Marionette	INFO	Marionette enabled
console.warn: SearchSettings: "get: No settings file exists, new profile?" (new NotFoundError("Could not open the file at /tmp/rust_mozprofilez0row3/search.json.mozlz4", (void 0)))
DevTools listening on ws://localhost:47035/devtools/browser/543849d6-3a78-48bf-9ac4-ca1858eaf75a
1647013892021	Marionette	INFO	Listening on port 41339
1647013892074	RemoteAgent	WARN	TLS certificate errors will be ignored for this session
1647013899170	Marionette	INFO	Stopped listening on port 41339
console.warn: TopSitesFeed: Failed to fetch data from Contile server: NetworkError when attempting to fetch resource.

###!!! [Parent][PImageBridgeParent] Error: RunMessage(msgname=PImageBridge::Msg_WillClose) Channel closing: too late to send/recv, messages will be lost

1647013925222	geckodriver	INFO	Listening on 127.0.0.1:37793
1647013925224	mozrunner::runner	INFO	Running command: "/usr/bin/firefox" "--marionette" "--remote-debugging-port" "44211" "-no-remote" "-profile" "/tmp/rust_mozprofile5eNvjh"
1647013925588	Marionette	INFO	Marionette enabled
console.warn: SearchSettings: "get: No settings file exists, new profile?" (new NotFoundError("Could not open the file at /tmp/rust_mozprofile5eNvjh/search.json.mozlz4", (void 0)))
DevTools listening on ws://localhost:44211/devtools/browser/4a8b66dc-ee28-4f53-93c0-90f43dbdbde4
1647013926305	Marionette	INFO	Listening on port 40763
1647013926333	RemoteAgent	WARN	TLS certificate errors will be ignored for this session
1647013929528	Marionette	INFO	Stopped listening on port 40763
console.warn: TopSitesFeed: Failed to fetch data from Contile server: NetworkError when attempting to fetch resource.

###!!! [Parent][PImageBridgeParent] Error: RunMessage(msgname=PImageBridge::Msg_WillClose) Channel closing: too late to send/recv, messages will be lost

1647013954335	geckodriver	INFO	Listening on 127.0.0.1:49717
1647013954337	mozrunner::runner	INFO	Running command: "/usr/bin/firefox" "--marionette" "--remote-debugging-port" "59947" "-no-remote" "-profile" "/tmp/rust_mozprofilebWCyr8"
1647013954716	Marionette	INFO	Marionette enabled
console.warn: SearchSettings: "get: No settings file exists, new profile?" (new NotFoundError("Could not open the file at /tmp/rust_mozprofilebWCyr8/search.json.mozlz4", (void 0)))
DevTools listening on ws://localhost:59947/devtools/browser/2304f3c6-4f99-43b7-ba77-4fe71a1e15ae
1647013955445	Marionette	INFO	Listening on port 46069
1647013955554	RemoteAgent	WARN	TLS certificate errors will be ignored for this session
1647013963433	Marionette	INFO	Stopped listening on port 46069
console.warn: TopSitesFeed: Failed to fetch data from Contile server: NetworkError when attempting to fetch resource.

###!!! [Parent][PImageBridgeParent] Error: RunMessage(msgname=PImageBridge::Msg_WillClose) Channel closing: too late to send/recv, messages will be lost

1647014075345	geckodriver	INFO	Listening on 127.0.0.1:41443
1647014075346	mozrunner::runner	INFO	Running command: "/usr/bin/firefox" "--marionette" "--remote-debugging-port" "52405" "-no-remote" "-profile" "/tmp/rust_mozprofilexxBMDK"
1647014075721	Marionette	INFO	Marionette enabled
console.warn: SearchSettings: "get: No settings file exists, new profile?" (new NotFoundError("Could not open the file at /tmp/rust_mozprofilexxBMDK/search.json.mozlz4", (void 0)))
DevTools listening on ws://localhost:52405/devtools/browser/ce841241-e2cf-4d3f-ac03-7e2e302fd7c2
1647014076433	Marionette	INFO	Listening on port 35761
1647014076456	RemoteAgent	WARN	TLS certificate errors will be ignored for this session
1647014121012	geckodriver	INFO	Listening on 127.0.0.1:36239
1647014121015	mozrunner::runner	INFO	Running command: "/usr/bin/firefox" "--marionette" "--remote-debugging-port" "33267" "-no-remote" "-profile" "/tmp/rust_mozprofilextFXsd"
1647014121383	Marionette	INFO	Marionette enabled
console.warn: SearchSettings: "get: No settings file exists, new profile?" (new NotFoundError("Could not open the file at /tmp/rust_mozprofilextFXsd/search.json.mozlz4", (void 0)))
DevTools listening on ws://localhost:33267/devtools/browser/b2aba1e4-b724-4a29-80a2-8c0047668ada
1647014122347	Marionette	INFO	Listening on port 35057
1647014122430	RemoteAgent	WARN	TLS certificate errors will be ignored for this session
1647014128540	Marionette	INFO	Stopped listening on port 35761
console.warn: TopSitesFeed: Failed to fetch data from Contile server: NetworkError when attempting to fetch resource.

###!!! [Parent][PImageBridgeParent] Error: RunMessage(msgname=PImageBridge::Msg_WillClose) Channel closing: too late to send/recv, messages will be lost

1647014142690	geckodriver	INFO	Listening on 127.0.0.1:53919
1647014142692	mozrunner::runner	INFO	Running command: "/usr/bin/firefox" "--marionette" "--remote-debugging-port" "47289" "-no-remote" "-profile" "/tmp/rust_mozprofile3bQeTC"
1647014143084	Marionette	INFO	Marionette enabled
console.warn: SearchSettings: "get: No settings file exists, new profile?" (new NotFoundError("Could not open the file at /tmp/rust_mozprofile3bQeTC/search.json.mozlz4", (void 0)))
DevTools listening on ws://localhost:47289/devtools/browser/0ee994c8-1910-4e36-b7c4-023dd5256171
1647014144030	Marionette	INFO	Listening on port 40091
1647014144104	RemoteAgent	WARN	TLS certificate errors will be ignored for this session
1647014145052	Marionette	INFO	Stopped listening on port 40091
console.warn: TopSitesFeed: Failed to fetch data from Contile server: NetworkError when attempting to fetch resource.
JavaScript error: chrome://remote/content/marionette/cert.js, line 55: NS_ERROR_NOT_AVAILABLE: Component returned failure code: 0x80040111 (NS_ERROR_NOT_AVAILABLE) [nsICertOverrideService.setDisableAllSecurityChecksAndLetAttackersInterceptMyData]

###!!! [Parent][PImageBridgeParent] Error: RunMessage(msgname=PImageBridge::Msg_WillClose) Channel closing: too late to send/recv, messages will be lost

1647014196599	geckodriver	INFO	Listening on 127.0.0.1:56669
1647014196601	mozrunner::runner	INFO	Running command: "/usr/bin/firefox" "--marionette" "--remote-debugging-port" "45415" "-no-remote" "-profile" "/tmp/rust_mozprofile5JxSyL"
1647014196967	Marionette	INFO	Marionette enabled
console.warn: SearchSettings: "get: No settings file exists, new profile?" (new NotFoundError("Could not open the file at /tmp/rust_mozprofile5JxSyL/search.json.mozlz4", (void 0)))
DevTools listening on ws://localhost:45415/devtools/browser/0613bcac-506a-42ed-8a84-d068d651d003
1647014197661	Marionette	INFO	Listening on port 36805
1647014197712	RemoteAgent	WARN	TLS certificate errors will be ignored for this session
1647014203645	Marionette	INFO	Stopped listening on port 36805
console.warn: TopSitesFeed: Failed to fetch data from Contile server: NetworkError when attempting to fetch resource.
JavaScript error: resource://gre/modules/AsyncShutdown.jsm, line 575: NotFoundError: No such JSWindowActor 'DevToolsFrame'
JavaScript error: resource://gre/modules/AsyncShutdown.jsm, line 575: NotFoundError: No such JSWindowActor 'DevToolsFrame'
JavaScript error: resource://gre/modules/AsyncShutdown.jsm, line 575: NotFoundError: No such JSWindowActor 'DevToolsFrame'
JavaScript error: resource://gre/modules/AsyncShutdown.jsm, line 575: NotFoundError: No such JSWindowActor 'DevToolsFrame'
JavaScript error: resource://gre/modules/AsyncShutdown.jsm, line 575: NotFoundError: No such JSWindowActor 'DevToolsFrame'
JavaScript error: resource://gre/modules/AsyncShutdown.jsm, line 575: NotFoundError: No such JSWindowActor 'DevToolsFrame'
JavaScript error: resource://gre/modules/AsyncShutdown.jsm, line 575: NotFoundError: No such JSWindowActor 'DevToolsFrame'
JavaScript error: resource://gre/modules/AsyncShutdown.jsm, line 575: NotFoundError: No such JSWindowActor 'DevToolsFrame'
1647014207754	Marionette	INFO	Stopped listening on port 35057
console.warn: TopSitesFeed: Failed to fetch data from Contile server: NetworkError when attempting to fetch resource.

###!!! [Parent][PImageBridgeParent] Error: RunMessage(msgname=PImageBridge::Msg_WillClose) Channel closing: too late to send/recv, messages will be lost

1647014231605	geckodriver	INFO	Listening on 127.0.0.1:59481
1647014231607	mozrunner::runner	INFO	Running command: "/usr/bin/firefox" "--marionette" "--remote-debugging-port" "50705" "-no-remote" "-profile" "/tmp/rust_mozprofileDlwzQz"
1647014232002	Marionette	INFO	Marionette enabled
console.warn: SearchSettings: "get: No settings file exists, new profile?" (new NotFoundError("Could not open the file at /tmp/rust_mozprofileDlwzQz/search.json.mozlz4", (void 0)))
DevTools listening on ws://localhost:50705/devtools/browser/7d15f195-3382-4c3e-8d92-aecd441c17d4
1647014232739	Marionette	INFO	Listening on port 41481
1647014232820	RemoteAgent	WARN	TLS certificate errors will be ignored for this session
1647014268993	geckodriver	INFO	Listening on 127.0.0.1:49801
1647014268996	mozrunner::runner	INFO	Running command: "/usr/bin/firefox" "--marionette" "--remote-debugging-port" "54643" "-no-remote" "-profile" "/tmp/rust_mozprofileB5cPFh"
1647014269364	Marionette	INFO	Marionette enabled
console.warn: SearchSettings: "get: No settings file exists, new profile?" (new NotFoundError("Could not open the file at /tmp/rust_mozprofileB5cPFh/search.json.mozlz4", (void 0)))
DevTools listening on ws://localhost:54643/devtools/browser/3c31b1d6-ce92-495e-8b9c-17313b0bc13e
1647014270070	Marionette	INFO	Listening on port 42397
1647014270108	RemoteAgent	WARN	TLS certificate errors will be ignored for this session
1647014383215	geckodriver	INFO	Listening on 127.0.0.1:55707
1647014383218	mozrunner::runner	INFO	Running command: "/usr/bin/firefox" "--marionette" "--remote-debugging-port" "37265" "-no-remote" "-profile" "/tmp/rust_mozprofileHiPanJ"
1647014383587	Marionette	INFO	Marionette enabled
console.warn: SearchSettings: "get: No settings file exists, new profile?" (new NotFoundError("Could not open the file at /tmp/rust_mozprofileHiPanJ/search.json.mozlz4", (void 0)))
DevTools listening on ws://localhost:37265/devtools/browser/66ea4aaa-663b-4846-b178-6b6b3c118464
1647014384588	Marionette	INFO	Listening on port 33569
1647014384629	RemoteAgent	WARN	TLS certificate errors will be ignored for this session
1647014389882	Marionette	INFO	Stopped listening on port 33569
console.warn: TopSitesFeed: Failed to fetch data from Contile server: NetworkError when attempting to fetch resource.

###!!! [Parent][PImageBridgeParent] Error: RunMessage(msgname=PImageBridge::Msg_WillClose) Channel closing: too late to send/recv, messages will be lost

1647014677718	geckodriver	INFO	Listening on 127.0.0.1:55687
1647014677721	mozrunner::runner	INFO	Running command: "/usr/bin/firefox" "--marionette" "--remote-debugging-port" "45531" "-no-remote" "-profile" "/tmp/rust_mozprofilesEnVe4"
1647014678099	Marionette	INFO	Marionette enabled
console.warn: SearchSettings: "get: No settings file exists, new profile?" (new NotFoundError("Could not open the file at /tmp/rust_mozprofilesEnVe4/search.json.mozlz4", (void 0)))
DevTools listening on ws://localhost:45531/devtools/browser/c95a0754-926d-4fec-bae6-2174ecb8ed57
1647014678794	Marionette	INFO	Listening on port 33799
1647014678832	RemoteAgent	WARN	TLS certificate errors will be ignored for this session
1647014682094	Marionette	INFO	Stopped listening on port 33799
console.warn: TopSitesFeed: Failed to fetch data from Contile server: NetworkError when attempting to fetch resource.

###!!! [Parent][PImageBridgeParent] Error: RunMessage(msgname=PImageBridge::Msg_WillClose) Channel closing: too late to send/recv, messages will be lost

1647014760814	geckodriver	INFO	Listening on 127.0.0.1:43433
1647014760817	mozrunner::runner	INFO	Running command: "/usr/bin/firefox" "--marionette" "--remote-debugging-port" "48997" "-no-remote" "-profile" "/tmp/rust_mozprofileqmWoNl"
1647014761200	Marionette	INFO	Marionette enabled
console.warn: SearchSettings: "get: No settings file exists, new profile?" (new NotFoundError("Could not open the file at /tmp/rust_mozprofileqmWoNl/search.json.mozlz4", (void 0)))
DevTools listening on ws://localhost:48997/devtools/browser/431c422d-a215-457c-9dbc-4231ef91f845
1647014761882	Marionette	INFO	Listening on port 33075
1647014761929	RemoteAgent	WARN	TLS certificate errors will be ignored for this session
1647014768062	geckodriver	INFO	Listening on 127.0.0.1:55909
1647014768065	mozrunner::runner	INFO	Running command: "/usr/bin/firefox" "--marionette" "--remote-debugging-port" "43267" "-no-remote" "-profile" "/tmp/rust_mozprofileY3Lc6N"
1647014768431	Marionette	INFO	Marionette enabled
console.warn: SearchSettings: "get: No settings file exists, new profile?" (new NotFoundError("Could not open the file at /tmp/rust_mozprofileY3Lc6N/search.json.mozlz4", (void 0)))
DevTools listening on ws://localhost:43267/devtools/browser/65577c60-a232-4c10-a34a-d87b04d17062
1647014769548	Marionette	INFO	Listening on port 35191
1647014769578	RemoteAgent	WARN	TLS certificate errors will be ignored for this session
1647014815173	geckodriver	INFO	Listening on 127.0.0.1:40213
1647014815175	mozrunner::runner	INFO	Running command: "/usr/bin/firefox" "--marionette" "--remote-debugging-port" "38785" "-no-remote" "-profile" "/tmp/rust_mozprofileucvgVJ"
1647014815553	Marionette	INFO	Marionette enabled
console.warn: SearchSettings: "get: No settings file exists, new profile?" (new NotFoundError("Could not open the file at /tmp/rust_mozprofileucvgVJ/search.json.mozlz4", (void 0)))
DevTools listening on ws://localhost:38785/devtools/browser/6ba41ba6-c2cc-4275-a157-d52522585468
1647014816605	Marionette	INFO	Listening on port 44911
1647014816687	RemoteAgent	WARN	TLS certificate errors will be ignored for this session
1647014819442	Marionette	INFO	Stopped listening on port 44911
console.warn: TopSitesFeed: Failed to fetch data from Contile server: NetworkError when attempting to fetch resource.

###!!! [Parent][PImageBridgeParent] Error: RunMessage(msgname=PImageBridge::Msg_WillClose) Channel closing: too late to send/recv, messages will be lost

1647014820394	Marionette	INFO	Stopped listening on port 35191
console.warn: TopSitesFeed: Failed to fetch data from Contile server: NetworkError when attempting to fetch resource.

###!!! [Parent][PImageBridgeParent] Error: RunMessage(msgname=PImageBridge::Msg_WillClose) Channel closing: too late to send/recv, messages will be lost

1647014821930	Marionette	INFO	Stopped listening on port 33075
console.warn: TopSitesFeed: Failed to fetch data from Contile server: NetworkError when attempting to fetch resource.

###!!! [Parent][PImageBridgeParent] Error: RunMessage(msgname=PImageBridge::Msg_WillClose) Channel closing: too late to send/recv, messages will be lost

1647014912779	geckodriver	INFO	Listening on 127.0.0.1:39953
1647014912782	mozrunner::runner	INFO	Running command: "/usr/bin/firefox" "--marionette" "--remote-debugging-port" "58969" "-no-remote" "-profile" "/tmp/rust_mozprofileaVucog"
1647014913165	Marionette	INFO	Marionette enabled
console.warn: SearchSettings: "get: No settings file exists, new profile?" (new NotFoundError("Could not open the file at /tmp/rust_mozprofileaVucog/search.json.mozlz4", (void 0)))
DevTools listening on ws://localhost:58969/devtools/browser/3d43bfe5-b40e-4ed6-b8b9-8d7b15bd8f50
1647014913879	Marionette	INFO	Listening on port 33841
1647014913893	RemoteAgent	WARN	TLS certificate errors will be ignored for this session
1647015035441	geckodriver	INFO	Listening on 127.0.0.1:42979
1647015035444	mozrunner::runner	INFO	Running command: "/usr/bin/firefox" "--marionette" "--remote-debugging-port" "60753" "-no-remote" "-profile" "/tmp/rust_mozprofileycVMkf"
1647015035810	Marionette	INFO	Marionette enabled
console.warn: SearchSettings: "get: No settings file exists, new profile?" (new NotFoundError("Could not open the file at /tmp/rust_mozprofileycVMkf/search.json.mozlz4", (void 0)))
DevTools listening on ws://localhost:60753/devtools/browser/035facb5-bfa9-4ee9-ad0f-68ea7ddec7f1
1647015036536	Marionette	INFO	Listening on port 41699
1647015036558	RemoteAgent	WARN	TLS certificate errors will be ignored for this session
1647015087497	geckodriver	INFO	Listening on 127.0.0.1:44347
1647015087500	mozrunner::runner	INFO	Running command: "/usr/bin/firefox" "--marionette" "--remote-debugging-port" "43305" "-no-remote" "-profile" "/tmp/rust_mozprofileGx3qTF"
1647015087869	Marionette	INFO	Marionette enabled
console.warn: SearchSettings: "get: No settings file exists, new profile?" (new NotFoundError("Could not open the file at /tmp/rust_mozprofileGx3qTF/search.json.mozlz4", (void 0)))
DevTools listening on ws://localhost:43305/devtools/browser/2679079a-2892-4a21-b776-f6e2205730f4
1647015088695	Marionette	INFO	Listening on port 38259
1647015088711	RemoteAgent	WARN	TLS certificate errors will be ignored for this session
1647015095907	Marionette	INFO	Stopped listening on port 38259
console.warn: TopSitesFeed: Failed to fetch data from Contile server: NetworkError when attempting to fetch resource.

###!!! [Parent][PImageBridgeParent] Error: RunMessage(msgname=PImageBridge::Msg_WillClose) Channel closing: too late to send/recv, messages will be lost

JavaScript error: resource://gre/modules/AsyncShutdown.jsm, line 575: NotFoundError: No such JSWindowActor 'DevToolsFrame'
JavaScript error: resource://gre/modules/AsyncShutdown.jsm, line 575: NotFoundError: No such JSWindowActor 'DevToolsFrame'
JavaScript error: resource://gre/modules/AsyncShutdown.jsm, line 575: NotFoundError: No such JSWindowActor 'DevToolsFrame'
JavaScript error: resource://gre/modules/AsyncShutdown.jsm, line 575: NotFoundError: No such JSWindowActor 'DevToolsFrame'
JavaScript error: resource://gre/modules/AsyncShutdown.jsm, line 575: NotFoundError: No such JSWindowActor 'DevToolsFrame'
JavaScript error: resource://gre/modules/AsyncShutdown.jsm, line 575: NotFoundError: No such JSWindowActor 'DevToolsFrame'
JavaScript error: resource://gre/modules/AsyncShutdown.jsm, line 575: NotFoundError: No such JSWindowActor 'DevToolsFrame'
JavaScript error: resource://gre/modules/AsyncShutdown.jsm, line 575: NotFoundError: No such JSWindowActor 'DevToolsFrame'
JavaScript error: resource://gre/modules/AsyncShutdown.jsm, line 575: NotFoundError: No such JSWindowActor 'DevToolsFrame'
1647015118456	Marionette	INFO	Stopped listening on port 42397

###!!! [Parent][PImageBridgeParent] Error: RunMessage(msgname=PImageBridge::Msg_WillClose) Channel closing: too late to send/recv, messages will be lost

1647015166841	Marionette	INFO	Stopped listening on port 41699
console.warn: TopSitesFeed: Failed to fetch data from Contile server: NetworkError when attempting to fetch resource.

###!!! [Parent][PImageBridgeParent] Error: RunMessage(msgname=PImageBridge::Msg_WillClose) Channel closing: too late to send/recv, messages will be lost

1647015182826	geckodriver	INFO	Listening on 127.0.0.1:51371
1647015182828	mozrunner::runner	INFO	Running command: "/usr/bin/firefox" "--marionette" "--remote-debugging-port" "53049" "-no-remote" "-profile" "/tmp/rust_mozprofileQUwbvE"
1647015183202	Marionette	INFO	Marionette enabled
console.warn: SearchSettings: "get: No settings file exists, new profile?" (new NotFoundError("Could not open the file at /tmp/rust_mozprofileQUwbvE/search.json.mozlz4", (void 0)))
DevTools listening on ws://localhost:53049/devtools/browser/da6dab45-efe5-413c-a406-3f871a777111
1647015183933	Marionette	INFO	Listening on port 36693
1647015184039	RemoteAgent	WARN	TLS certificate errors will be ignored for this session
JavaScript error: , line 0: NotFoundError: No such JSWindowActor 'DevToolsFrame'
JavaScript error: , line 0: NotFoundError: No such JSWindowActor 'DevToolsFrame'
JavaScript error: , line 0: NotFoundError: No such JSWindowActor 'DevToolsFrame'
JavaScript error: , line 0: NotFoundError: No such JSWindowActor 'DevToolsFrame'
JavaScript error: , line 0: NotFoundError: No such JSWindowActor 'DevToolsFrame'
1647015251893	geckodriver	INFO	Listening on 127.0.0.1:38547
1647015251895	mozrunner::runner	INFO	Running command: "/usr/bin/firefox" "--marionette" "--remote-debugging-port" "38539" "-no-remote" "-profile" "/tmp/rust_mozprofileQ47NAJ"
1647015252280	Marionette	INFO	Marionette enabled
console.warn: SearchSettings: "get: No settings file exists, new profile?" (new NotFoundError("Could not open the file at /tmp/rust_mozprofileQ47NAJ/search.json.mozlz4", (void 0)))
DevTools listening on ws://localhost:38539/devtools/browser/5f19a3c8-08d4-4211-b287-e51b3ed1913a
1647015253100	Marionette	INFO	Listening on port 33517
1647015253222	RemoteAgent	WARN	TLS certificate errors will be ignored for this session
1647015286167	Marionette	INFO	Stopped listening on port 36693
console.warn: TopSitesFeed: Failed to fetch data from Contile server: NetworkError when attempting to fetch resource.

###!!! [Parent][PImageBridgeParent] Error: RunMessage(msgname=PImageBridge::Msg_WillClose) Channel closing: too late to send/recv, messages will be lost

1647015295426	Marionette	INFO	Stopped listening on port 41481
console.warn: TopSitesFeed: Failed to fetch data from Contile server: NetworkError when attempting to fetch resource.

###!!! [Parent][PImageBridgeParent] Error: RunMessage(msgname=PImageBridge::Msg_WillClose) Channel closing: too late to send/recv, messages will be lost

1647015303440	Marionette	INFO	Stopped listening on port 33517
console.warn: TopSitesFeed: Failed to fetch data from Contile server: NetworkError when attempting to fetch resource.

###!!! [Parent][PImageBridgeParent] Error: RunMessage(msgname=PImageBridge::Msg_WillClose) Channel closing: too late to send/recv, messages will be lost

1647015349899	geckodriver	INFO	Listening on 127.0.0.1:42993
1647015349901	mozrunner::runner	INFO	Running command: "/usr/bin/firefox" "--marionette" "--remote-debugging-port" "58909" "-no-remote" "-profile" "/tmp/rust_mozprofileCgj9vU"
1647015350264	Marionette	INFO	Marionette enabled
console.warn: SearchSettings: "get: No settings file exists, new profile?" (new NotFoundError("Could not open the file at /tmp/rust_mozprofileCgj9vU/search.json.mozlz4", (void 0)))
DevTools listening on ws://localhost:58909/devtools/browser/82ea6979-389b-4aaf-ae12-6023d415157c
1647015351250	Marionette	INFO	Listening on port 40685
1647015351318	RemoteAgent	WARN	TLS certificate errors will be ignored for this session
1647015529220	Marionette	INFO	Stopped listening on port 40685
console.warn: TopSitesFeed: Failed to fetch data from Contile server: NetworkError when attempting to fetch resource.

###!!! [Parent][PImageBridgeParent] Error: RunMessage(msgname=PImageBridge::Msg_WillClose) Channel closing: too late to send/recv, messages will be lost

JavaScript error: resource://gre/actors/AutoCompleteChild.jsm, line 125: Error: Invalid autocomplete selectedIndex
JavaScript error: resource://gre/actors/AutoCompleteChild.jsm, line 125: Error: Invalid autocomplete selectedIndex
JavaScript error: resource://gre/actors/AutoCompleteChild.jsm, line 125: Error: Invalid autocomplete selectedIndex
JavaScript error: resource://gre/actors/AutoCompleteChild.jsm, line 125: Error: Invalid autocomplete selectedIndex
JavaScript error: resource://gre/actors/AutoCompleteChild.jsm, line 125: Error: Invalid autocomplete selectedIndex
JavaScript error: resource://gre/actors/AutoCompleteChild.jsm, line 125: Error: Invalid autocomplete selectedIndex
JavaScript error: resource://gre/actors/AutoCompleteChild.jsm, line 125: Error: Invalid autocomplete selectedIndex
JavaScript error: resource://gre/actors/AutoCompleteChild.jsm, line 125: Error: Invalid autocomplete selectedIndex
JavaScript error: resource://gre/actors/AutoCompleteChild.jsm, line 125: Error: Invalid autocomplete selectedIndex
JavaScript error: resource://gre/actors/AutoCompleteChild.jsm, line 125: Error: Invalid autocomplete selectedIndex
JavaScript error: resource://gre/actors/AutoCompleteChild.jsm, line 125: Error: Invalid autocomplete selectedIndex
JavaScript error: resource://gre/actors/AutoCompleteChild.jsm, line 125: Error: Invalid autocomplete selectedIndex
JavaScript error: resource://gre/actors/AutoCompleteChild.jsm, line 125: Error: Invalid autocomplete selectedIndex
JavaScript error: resource://gre/actors/AutoCompleteChild.jsm, line 125: Error: Invalid autocomplete selectedIndex
JavaScript error: resource://gre/actors/AutoCompleteChild.jsm, line 125: Error: Invalid autocomplete selectedIndex
JavaScript error: resource://gre/actors/AutoCompleteChild.jsm, line 125: Error: Invalid autocomplete selectedIndex
1647015638124	geckodriver	INFO	Listening on 127.0.0.1:39827
1647015638126	mozrunner::runner	INFO	Running command: "/usr/bin/firefox" "--marionette" "--remote-debugging-port" "34267" "-no-remote" "-profile" "/tmp/rust_mozprofileSpyaSF"
1647015638491	Marionette	INFO	Marionette enabled
console.warn: SearchSettings: "get: No settings file exists, new profile?" (new NotFoundError("Could not open the file at /tmp/rust_mozprofileSpyaSF/search.json.mozlz4", (void 0)))
DevTools listening on ws://localhost:34267/devtools/browser/ef07edce-ea1b-472b-bd01-a8b143d245bb
1647015639219	Marionette	INFO	Listening on port 46545
1647015639239	RemoteAgent	WARN	TLS certificate errors will be ignored for this session
1647015651562	geckodriver	INFO	Listening on 127.0.0.1:60593
1647015651564	mozrunner::runner	INFO	Running command: "/usr/bin/firefox" "--marionette" "--remote-debugging-port" "53739" "-no-remote" "-profile" "/tmp/rust_mozprofileiPPn4s"
1647015651930	Marionette	INFO	Marionette enabled
console.warn: SearchSettings: "get: No settings file exists, new profile?" (new NotFoundError("Could not open the file at /tmp/rust_mozprofileiPPn4s/search.json.mozlz4", (void 0)))
DevTools listening on ws://localhost:53739/devtools/browser/6d2d9dbf-d498-43dc-8020-f345c147b3f8
1647015652717	Marionette	INFO	Listening on port 40021
1647015652778	RemoteAgent	WARN	TLS certificate errors will be ignored for this session
1647015657612	geckodriver	INFO	Listening on 127.0.0.1:56267
1647015657615	mozrunner::runner	INFO	Running command: "/usr/bin/firefox" "--marionette" "--remote-debugging-port" "47597" "-no-remote" "-profile" "/tmp/rust_mozprofile11Satw"
1647015657998	Marionette	INFO	Marionette enabled
console.warn: SearchSettings: "get: No settings file exists, new profile?" (new NotFoundError("Could not open the file at /tmp/rust_mozprofile11Satw/search.json.mozlz4", (void 0)))
DevTools listening on ws://localhost:47597/devtools/browser/c0fafe9e-0f80-4b88-a8c4-d6f8ccaa8d38
1647015658711	Marionette	INFO	Listening on port 34053
1647015658727	RemoteAgent	WARN	TLS certificate errors will be ignored for this session
1647015661351	Marionette	INFO	Stopped listening on port 34053
console.warn: TopSitesFeed: Failed to fetch data from Contile server: NetworkError when attempting to fetch resource.
JavaScript error: , line 0: NotFoundError: No such JSWindowActor 'DevToolsFrame'
JavaScript error: , line 0: NotFoundError: No such JSWindowActor 'DevToolsFrame'
JavaScript error: , line 0: NotFoundError: No such JSWindowActor 'DevToolsFrame'
JavaScript error: , line 0: NotFoundError: No such JSWindowActor 'DevToolsFrame'
JavaScript error: , line 0: NotFoundError: No such JSWindowActor 'DevToolsFrame'
1647015691593	geckodriver	INFO	Listening on 127.0.0.1:52609
1647015691595	mozrunner::runner	INFO	Running command: "/usr/bin/firefox" "--marionette" "--remote-debugging-port" "54715" "-no-remote" "-profile" "/tmp/rust_mozprofilei35ip9"
1647015691966	Marionette	INFO	Marionette enabled
console.warn: SearchSettings: "get: No settings file exists, new profile?" (new NotFoundError("Could not open the file at /tmp/rust_mozprofilei35ip9/search.json.mozlz4", (void 0)))
DevTools listening on ws://localhost:54715/devtools/browser/416f2536-1bb1-4f13-bdf4-04a500920835
1647015692671	Marionette	INFO	Listening on port 38165
1647015692710	RemoteAgent	WARN	TLS certificate errors will be ignored for this session
1647015743439	geckodriver	INFO	Listening on 127.0.0.1:56105
1647015743442	mozrunner::runner	INFO	Running command: "/usr/bin/firefox" "--marionette" "--remote-debugging-port" "48513" "-no-remote" "-profile" "/tmp/rust_mozprofilepXJ8cT"
1647015743816	Marionette	INFO	Marionette enabled
console.warn: SearchSettings: "get: No settings file exists, new profile?" (new NotFoundError("Could not open the file at /tmp/rust_mozprofilepXJ8cT/search.json.mozlz4", (void 0)))
DevTools listening on ws://localhost:48513/devtools/browser/ee24fd37-3e05-47a2-8531-3e262ea9a395
1647015744620	Marionette	INFO	Listening on port 35505
1647015744652	RemoteAgent	WARN	TLS certificate errors will be ignored for this session
1647015754865	geckodriver	INFO	Listening on 127.0.0.1:57723
1647015754868	mozrunner::runner	INFO	Running command: "/usr/bin/firefox" "--marionette" "--remote-debugging-port" "35493" "-no-remote" "-profile" "/tmp/rust_mozprofileuqPDh1"
1647015755261	Marionette	INFO	Marionette enabled
console.warn: SearchSettings: "get: No settings file exists, new profile?" (new NotFoundError("Could not open the file at /tmp/rust_mozprofileuqPDh1/search.json.mozlz4", (void 0)))
DevTools listening on ws://localhost:35493/devtools/browser/f4f5a45d-9522-447b-97c8-92f7babf1bbc
1647015756316	Marionette	INFO	Listening on port 43701
1647015756387	RemoteAgent	WARN	TLS certificate errors will be ignored for this session
1647015786512	geckodriver	INFO	Listening on 127.0.0.1:58807
1647015786515	mozrunner::runner	INFO	Running command: "/usr/bin/firefox" "--marionette" "--remote-debugging-port" "59871" "-no-remote" "-profile" "/tmp/rust_mozprofiletafZZj"
1647015786931	Marionette	INFO	Marionette enabled
console.warn: SearchSettings: "get: No settings file exists, new profile?" (new NotFoundError("Could not open the file at /tmp/rust_mozprofiletafZZj/search.json.mozlz4", (void 0)))
DevTools listening on ws://localhost:59871/devtools/browser/1fb5fbda-72fd-45a3-99ca-1c9739e6c778
1647015787974	Marionette	INFO	Listening on port 33139
1647015788039	RemoteAgent	WARN	TLS certificate errors will be ignored for this session
1647015803696	geckodriver	INFO	Listening on 127.0.0.1:56183
1647015803699	mozrunner::runner	INFO	Running command: "/usr/bin/firefox" "--marionette" "--remote-debugging-port" "43947" "-no-remote" "-profile" "/tmp/rust_mozprofilee86TjQ"
1647015804145	Marionette	INFO	Marionette enabled
console.warn: SearchSettings: "get: No settings file exists, new profile?" (new NotFoundError("Could not open the file at /tmp/rust_mozprofilee86TjQ/search.json.mozlz4", (void 0)))
DevTools listening on ws://localhost:43947/devtools/browser/80da0d9f-f122-48a2-9c23-e4c04272ad0b
1647015805275	Marionette	INFO	Listening on port 41737
1647015805310	RemoteAgent	WARN	TLS certificate errors will be ignored for this session
1647015816896	geckodriver	INFO	Listening on 127.0.0.1:34531
1647015816899	mozrunner::runner	INFO	Running command: "/usr/bin/firefox" "--marionette" "--remote-debugging-port" "39125" "-no-remote" "-profile" "/tmp/rust_mozprofileI7bAh8"
1647015817319	Marionette	INFO	Marionette enabled
console.warn: SearchSettings: "get: No settings file exists, new profile?" (new NotFoundError("Could not open the file at /tmp/rust_mozprofileI7bAh8/search.json.mozlz4", (void 0)))
DevTools listening on ws://localhost:39125/devtools/browser/7c98debe-8122-4740-a7c5-22efbcb81180
1647015818368	Marionette	INFO	Listening on port 39789
1647015818421	RemoteAgent	WARN	TLS certificate errors will be ignored for this session
1647015852566	geckodriver	INFO	Listening on 127.0.0.1:53165
1647015852569	mozrunner::runner	INFO	Running command: "/usr/bin/firefox" "--marionette" "--remote-debugging-port" "55725" "-no-remote" "-profile" "/tmp/rust_mozprofileKdPwDS"
1647015853012	Marionette	INFO	Marionette enabled
console.warn: SearchSettings: "get: No settings file exists, new profile?" (new NotFoundError("Could not open the file at /tmp/rust_mozprofileKdPwDS/search.json.mozlz4", (void 0)))
DevTools listening on ws://localhost:55725/devtools/browser/d1113307-892b-4e91-b795-801528629dc9
1647015854156	Marionette	INFO	Listening on port 38315
1647015854183	RemoteAgent	WARN	TLS certificate errors will be ignored for this session
1647015886298	Marionette	INFO	Stopped listening on port 38315
console.warn: TopSitesFeed: Failed to fetch data from Contile server: NetworkError when attempting to fetch resource.
1647015892547	Marionette	INFO	Stopped listening on port 39789
console.warn: TopSitesFeed: Failed to fetch data from Contile server: NetworkError when attempting to fetch resource.

###!!! [Parent][PImageBridgeParent] Error: RunMessage(msgname=PImageBridge::Msg_WillClose) Channel closing: too late to send/recv, messages will be lost

1647015894431	Marionette	INFO	Stopped listening on port 33139
console.warn: TopSitesFeed: Failed to fetch data from Contile server: NetworkError when attempting to fetch resource.

###!!! [Parent][PImageBridgeParent] Error: RunMessage(msgname=PImageBridge::Msg_WillClose) Channel closing: too late to send/recv, messages will be lost

1647015895246	Marionette	INFO	Stopped listening on port 40021
console.warn: TopSitesFeed: Failed to fetch data from Contile server: NetworkError when attempting to fetch resource.

###!!! [Parent][PImageBridgeParent] Error: RunMessage(msgname=PImageBridge::Msg_WillClose) Channel closing: too late to send/recv, messages will be lost

1647015896097	Marionette	INFO	Stopped listening on port 43701
console.warn: TopSitesFeed: Failed to fetch data from Contile server: NetworkError when attempting to fetch resource.

###!!! [Parent][PImageBridgeParent] Error: RunMessage(msgname=PImageBridge::Msg_WillClose) Channel closing: too late to send/recv, messages will be lost

1647015896928	Marionette	INFO	Stopped listening on port 35505
console.warn: TopSitesFeed: Failed to fetch data from Contile server: NetworkError when attempting to fetch resource.

###!!! [Parent][PImageBridgeParent] Error: RunMessage(msgname=PImageBridge::Msg_WillClose) Channel closing: too late to send/recv, messages will be lost

1647015897714	Marionette	INFO	Stopped listening on port 41737
console.warn: TopSitesFeed: Failed to fetch data from Contile server: NetworkError when attempting to fetch resource.

###!!! [Parent][PImageBridgeParent] Error: RunMessage(msgname=PImageBridge::Msg_WillClose) Channel closing: too late to send/recv, messages will be lost

1647015898494	Marionette	INFO	Stopped listening on port 46545
console.warn: TopSitesFeed: Failed to fetch data from Contile server: NetworkError when attempting to fetch resource.

###!!! [Parent][PImageBridgeParent] Error: RunMessage(msgname=PImageBridge::Msg_WillClose) Channel closing: too late to send/recv, messages will be lost

1647016021355	geckodriver	INFO	Listening on 127.0.0.1:60239
1647016021357	mozrunner::runner	INFO	Running command: "/usr/bin/firefox" "--marionette" "--remote-debugging-port" "57673" "-no-remote" "-profile" "/tmp/rust_mozprofilefwenkC"
1647016021724	Marionette	INFO	Marionette enabled
console.warn: SearchSettings: "get: No settings file exists, new profile?" (new NotFoundError("Could not open the file at /tmp/rust_mozprofilefwenkC/search.json.mozlz4", (void 0)))
DevTools listening on ws://localhost:57673/devtools/browser/8bb8dc4e-6841-46b1-aae6-4f356bf5d861
1647016022429	Marionette	INFO	Listening on port 46107
1647016022469	RemoteAgent	WARN	TLS certificate errors will be ignored for this session
JavaScript error: resource://gre/actors/AutoCompleteChild.jsm, line 125: Error: Invalid autocomplete selectedIndex
JavaScript error: resource://gre/actors/AutoCompleteChild.jsm, line 125: Error: Invalid autocomplete selectedIndex
JavaScript error: resource://gre/actors/AutoCompleteChild.jsm, line 125: Error: Invalid autocomplete selectedIndex
JavaScript error: resource://gre/actors/AutoCompleteChild.jsm, line 125: Error: Invalid autocomplete selectedIndex
JavaScript error: resource://gre/actors/AutoCompleteChild.jsm, line 125: Error: Invalid autocomplete selectedIndex
JavaScript error: resource://gre/actors/AutoCompleteChild.jsm, line 125: Error: Invalid autocomplete selectedIndex
JavaScript error: resource://gre/actors/AutoCompleteChild.jsm, line 125: Error: Invalid autocomplete selectedIndex
JavaScript error: resource://gre/actors/AutoCompleteChild.jsm, line 125: Error: Invalid autocomplete selectedIndex
JavaScript error: resource://gre/actors/AutoCompleteChild.jsm, line 125: Error: Invalid autocomplete selectedIndex
JavaScript error: , line 0: NotFoundError: No such JSWindowActor 'DevToolsFrame'
JavaScript error: , line 0: NotFoundError: No such JSWindowActor 'DevToolsFrame'
JavaScript error: , line 0: NotFoundError: No such JSWindowActor 'DevToolsFrame'
JavaScript error: , line 0: NotFoundError: No such JSWindowActor 'DevToolsFrame'
JavaScript error: , line 0: NotFoundError: No such JSWindowActor 'DevToolsFrame'
JavaScript error: , line 0: NotFoundError: No such JSWindowActor 'DevToolsFrame'
JavaScript error: , line 0: NotFoundError: No such JSWindowActor 'DevToolsFrame'
JavaScript error: , line 0: NotFoundError: No such JSWindowActor 'DevToolsFrame'
1647016080895	geckodriver	INFO	Listening on 127.0.0.1:56833
1647016080897	mozrunner::runner	INFO	Running command: "/usr/bin/firefox" "--marionette" "--remote-debugging-port" "58113" "-no-remote" "-profile" "/tmp/rust_mozprofileHWLspX"
1647016081271	Marionette	INFO	Marionette enabled
console.warn: SearchSettings: "get: No settings file exists, new profile?" (new NotFoundError("Could not open the file at /tmp/rust_mozprofileHWLspX/search.json.mozlz4", (void 0)))
DevTools listening on ws://localhost:58113/devtools/browser/915cf1ec-d169-4fa1-baf2-bfec9a64f5c2
1647016081995	Marionette	INFO	Listening on port 40345
1647016082010	RemoteAgent	WARN	TLS certificate errors will be ignored for this session
1647016138950	Marionette	INFO	Stopped listening on port 38165
console.warn: TopSitesFeed: Failed to fetch data from Contile server: NetworkError when attempting to fetch resource.

###!!! [Parent][PImageBridgeParent] Error: RunMessage(msgname=PImageBridge::Msg_WillClose) Channel closing: too late to send/recv, messages will be lost

1647016142361	Marionette	INFO	Stopped listening on port 40345
console.warn: TopSitesFeed: Failed to fetch data from Contile server: NetworkError when attempting to fetch resource.

###!!! [Parent][PImageBridgeParent] Error: RunMessage(msgname=PImageBridge::Msg_WillClose) Channel closing: too late to send/recv, messages will be lost

1647016145065	Marionette	INFO	Stopped listening on port 33841
console.warn: TopSitesFeed: Failed to fetch data from Contile server: NetworkError when attempting to fetch resource.

###!!! [Parent][PImageBridgeParent] Error: RunMessage(msgname=PImageBridge::Msg_WillClose) Channel closing: too late to send/recv, messages will be lost

1647016147791	Marionette	INFO	Stopped listening on port 46107
console.warn: TopSitesFeed: Failed to fetch data from Contile server: NetworkError when attempting to fetch resource.

###!!! [Parent][PImageBridgeParent] Error: RunMessage(msgname=PImageBridge::Msg_WillClose) Channel closing: too late to send/recv, messages will be lost

1647017280323	geckodriver	INFO	Listening on 127.0.0.1:54727
1647017280325	mozrunner::runner	INFO	Running command: "/usr/bin/firefox" "--marionette" "--remote-debugging-port" "37703" "-no-remote" "-profile" "/tmp/rust_mozprofileTXFQnc"
1647017280702	Marionette	INFO	Marionette enabled
console.warn: SearchSettings: "get: No settings file exists, new profile?" (new NotFoundError("Could not open the file at /tmp/rust_mozprofileTXFQnc/search.json.mozlz4", (void 0)))
DevTools listening on ws://localhost:37703/devtools/browser/68b15dcf-d176-4d9f-acaf-1ab8e00f1fdd
1647017281381	Marionette	INFO	Listening on port 46805
1647017281436	RemoteAgent	WARN	TLS certificate errors will be ignored for this session
1647017992395	geckodriver	INFO	Listening on 127.0.0.1:41429
1647017992397	mozrunner::runner	INFO	Running command: "/usr/bin/firefox" "--marionette" "--remote-debugging-port" "58733" "-no-remote" "-profile" "/tmp/rust_mozprofileo7yH0q"
1647017992762	Marionette	INFO	Marionette enabled
console.warn: SearchSettings: "get: No settings file exists, new profile?" (new NotFoundError("Could not open the file at /tmp/rust_mozprofileo7yH0q/search.json.mozlz4", (void 0)))
DevTools listening on ws://localhost:58733/devtools/browser/4d5bbefd-4af4-449b-9f97-0df835d8fb41
1647017993486	Marionette	INFO	Listening on port 36819
1647017993510	RemoteAgent	WARN	TLS certificate errors will be ignored for this session
JavaScript error: resource://gre/actors/AudioPlaybackParent.jsm, line 24: TypeError: browser is null
1647018006927	Marionette	INFO	Stopped listening on port 36819
console.warn: TopSitesFeed: Failed to fetch data from Contile server: NetworkError when attempting to fetch resource.

###!!! [Parent][PImageBridgeParent] Error: RunMessage(msgname=PImageBridge::Msg_WillClose) Channel closing: too late to send/recv, messages will be lost

1647018013129	geckodriver	INFO	Listening on 127.0.0.1:42903
1647018013132	mozrunner::runner	INFO	Running command: "/usr/bin/firefox" "--marionette" "--remote-debugging-port" "42971" "-no-remote" "-profile" "/tmp/rust_mozprofileywJGK6"
1647018013497	Marionette	INFO	Marionette enabled
console.warn: SearchSettings: "get: No settings file exists, new profile?" (new NotFoundError("Could not open the file at /tmp/rust_mozprofileywJGK6/search.json.mozlz4", (void 0)))
DevTools listening on ws://localhost:42971/devtools/browser/7cdc7e50-bc83-4718-aa1d-c92c0ce33089
1647018014209	Marionette	INFO	Listening on port 43637
1647018014253	RemoteAgent	WARN	TLS certificate errors will be ignored for this session
1647018024675	geckodriver	INFO	Listening on 127.0.0.1:57405
1647018024677	mozrunner::runner	INFO	Running command: "/usr/bin/firefox" "--marionette" "--remote-debugging-port" "49821" "-no-remote" "-profile" "/tmp/rust_mozprofile8RnLPe"
1647018025050	Marionette	INFO	Marionette enabled
console.warn: SearchSettings: "get: No settings file exists, new profile?" (new NotFoundError("Could not open the file at /tmp/rust_mozprofile8RnLPe/search.json.mozlz4", (void 0)))
DevTools listening on ws://localhost:49821/devtools/browser/884c7fc7-46f6-4275-924c-bb6a710c6304
1647018025752	Marionette	INFO	Listening on port 37021
1647018025787	RemoteAgent	WARN	TLS certificate errors will be ignored for this session
1647018035216	Marionette	INFO	Stopped listening on port 37021
console.warn: TopSitesFeed: Failed to fetch data from Contile server: NetworkError when attempting to fetch resource.

###!!! [Parent][PImageBridgeParent] Error: RunMessage(msgname=PImageBridge::Msg_WillClose) Channel closing: too late to send/recv, messages will be lost

1647018398058	Marionette	INFO	Stopped listening on port 46805
console.warn: TopSitesFeed: Failed to fetch data from Contile server: NetworkError when attempting to fetch resource.

###!!! [Parent][PImageBridgeParent] Error: RunMessage(msgname=PImageBridge::Msg_WillClose) Channel closing: too late to send/recv, messages will be lost

1647018399948	Marionette	INFO	Stopped listening on port 43637
console.warn: TopSitesFeed: Failed to fetch data from Contile server: NetworkError when attempting to fetch resource.

###!!! [Parent][PImageBridgeParent] Error: RunMessage(msgname=PImageBridge::Msg_WillClose) Channel closing: too late to send/recv, messages will be lost

