1647018334601	geckodriver	INFO	Listening on 127.0.0.1:42641
1647018334604	mozrunner::runner	INFO	Running command: "/usr/bin/firefox" "--marionette" "--remote-debugging-port" "48979" "-no-remote" "-profile" "/tmp/rust_mozprofilejTszhH"
1647018334971	Marionette	INFO	Marionette enabled
console.warn: SearchSettings: "get: No settings file exists, new profile?" (new NotFoundError("Could not open the file at /tmp/rust_mozprofilejTszhH/search.json.mozlz4", (void 0)))
DevTools listening on ws://localhost:48979/devtools/browser/270f9db1-c53a-404a-8909-d701f4012a41
1647018335682	Marionette	INFO	Listening on port 34565
1647018335715	RemoteAgent	WARN	TLS certificate errors will be ignored for this session
console.warn: LoginRecipes: "getRecipes: falling back to a synchronous message for:" "https://open.spotify.com"
console.warn: LoginRecipes: "getRecipes: falling back to a synchronous message for:" "https://tr.snapchat.com"
1647018351725	Marionette	INFO	Stopped listening on port 34565
console.warn: TopSitesFeed: Failed to fetch data from Contile server: NetworkError when attempting to fetch resource.

###!!! [Child][PContentChild] Error: Send(msgname=PNecko::Msg_RemoveRequestContext) Channel closing: too late to send/recv, messages will be lost


###!!! [Parent][PImageBridgeParent] Error: RunMessage(msgname=PImageBridge::Msg_WillClose) Channel closing: too late to send/recv, messages will be lost

1647018355944	geckodriver	INFO	Listening on 127.0.0.1:41035
1647018355947	mozrunner::runner	INFO	Running command: "/usr/bin/firefox" "--marionette" "--remote-debugging-port" "42397" "-no-remote" "-profile" "/tmp/rust_mozprofileBrP2gx"
1647018356313	Marionette	INFO	Marionette enabled
console.warn: SearchSettings: "get: No settings file exists, new profile?" (new NotFoundError("Could not open the file at /tmp/rust_mozprofileBrP2gx/search.json.mozlz4", (void 0)))
DevTools listening on ws://localhost:42397/devtools/browser/ab7ac5ac-4955-47fb-aa42-d9d368c62b7e
1647018357024	Marionette	INFO	Listening on port 44903
1647018357058	RemoteAgent	WARN	TLS certificate errors will be ignored for this session
console.warn: LoginRecipes: "getRecipes: falling back to a synchronous message for:" "https://open.spotify.com"
console.warn: LoginRecipes: "getRecipes: falling back to a synchronous message for:" "https://tr.snapchat.com"
1647018387682	geckodriver	INFO	Listening on 127.0.0.1:60737
1647018387685	mozrunner::runner	INFO	Running command: "/usr/bin/firefox" "--marionette" "--remote-debugging-port" "36713" "-no-remote" "-profile" "/tmp/rust_mozprofileXB8n4S"
1647018388052	Marionette	INFO	Marionette enabled
console.warn: SearchSettings: "get: No settings file exists, new profile?" (new NotFoundError("Could not open the file at /tmp/rust_mozprofileXB8n4S/search.json.mozlz4", (void 0)))
DevTools listening on ws://localhost:36713/devtools/browser/cc4a0989-bcc3-457f-8929-8f1114c316b7
1647018388749	Marionette	INFO	Listening on port 32781
1647018388797	RemoteAgent	WARN	TLS certificate errors will be ignored for this session
console.warn: LoginRecipes: "getRecipes: falling back to a synchronous message for:" "https://open.spotify.com"
console.warn: LoginRecipes: "getRecipes: falling back to a synchronous message for:" "https://tr.snapchat.com"
1647018395794	Marionette	INFO	Stopped listening on port 32781
console.warn: TopSitesFeed: Failed to fetch data from Contile server: NetworkError when attempting to fetch resource.

###!!! [Parent][PImageBridgeParent] Error: RunMessage(msgname=PImageBridge::Msg_WillClose) Channel closing: too late to send/recv, messages will be lost

1647018406777	Marionette	INFO	Stopped listening on port 44903
console.warn: TopSitesFeed: Failed to fetch data from Contile server: NetworkError when attempting to fetch resource.

###!!! [Parent][PImageBridgeParent] Error: RunMessage(msgname=PImageBridge::Msg_WillClose) Channel closing: too late to send/recv, messages will be lost

1647018564280	geckodriver	INFO	Listening on 127.0.0.1:46263
1647018564283	mozrunner::runner	INFO	Running command: "/usr/bin/firefox" "--marionette" "--remote-debugging-port" "39993" "-no-remote" "-profile" "/tmp/rust_mozprofileOkHYLa"
1647018564649	Marionette	INFO	Marionette enabled
console.warn: SearchSettings: "get: No settings file exists, new profile?" (new NotFoundError("Could not open the file at /tmp/rust_mozprofileOkHYLa/search.json.mozlz4", (void 0)))
DevTools listening on ws://localhost:39993/devtools/browser/244d6341-1537-4577-99e7-265c6e01ff99
1647018565373	Marionette	INFO	Listening on port 36853
1647018565394	RemoteAgent	WARN	TLS certificate errors will be ignored for this session
console.warn: LoginRecipes: "getRecipes: falling back to a synchronous message for:" "https://open.spotify.com"
console.warn: LoginRecipes: "getRecipes: falling back to a synchronous message for:" "https://tr.snapchat.com"
1647018577882	geckodriver	INFO	Listening on 127.0.0.1:34559
1647018577884	mozrunner::runner	INFO	Running command: "/usr/bin/firefox" "--marionette" "--remote-debugging-port" "47077" "-no-remote" "-profile" "/tmp/rust_mozprofileSFdOgV"
1647018578250	Marionette	INFO	Marionette enabled
console.warn: SearchSettings: "get: No settings file exists, new profile?" (new NotFoundError("Could not open the file at /tmp/rust_mozprofileSFdOgV/search.json.mozlz4", (void 0)))
DevTools listening on ws://localhost:47077/devtools/browser/1883a9d8-8634-4d30-aa28-9956c23ad20f
1647018578987	Marionette	INFO	Listening on port 36447
1647018579095	RemoteAgent	WARN	TLS certificate errors will be ignored for this session
console.warn: LoginRecipes: "getRecipes: falling back to a synchronous message for:" "https://open.spotify.com"
console.warn: LoginRecipes: "getRecipes: falling back to a synchronous message for:" "https://tr.snapchat.com"
JavaScript error: resource://gre/actors/AutoCompleteChild.jsm, line 125: Error: Invalid autocomplete selectedIndex
JavaScript error: resource://gre/actors/AutoCompleteChild.jsm, line 125: Error: Invalid autocomplete selectedIndex
JavaScript error: resource://gre/modules/LoginManagerChild.jsm, line 194: NS_ERROR_XPC_JAVASCRIPT_ERROR_WITH_DETAILS: [JavaScript Error: "Invalid autocomplete selectedIndex" {file: "resource://gre/actors/AutoCompleteChild.jsm" line: 125}]'[JavaScript Error: "Invalid autocomplete selectedIndex" {file: "resource://gre/actors/AutoCompleteChild.jsm" line: 125}]' when calling method: [nsIAutoCompletePopup::selectedIndex]
console.warn: LoginRecipes: "getRecipes: falling back to a synchronous message for:" "https://accounts.spotify.com"
JavaScript error: , line 0: uncaught exception: CustomError: Error in protected function: Invalid JSON string: 
JavaScript error: https://open.scdn.co/cdn/build/web-player/web-player.a5ea2509.js, line 1: EMEError: No supported keysystem was found.
JavaScript error: https://open.scdn.co/cdn/build/web-player/web-player.a5ea2509.js, line 1: PlaybackError: No supported keysystem was found.
1647018603826	geckodriver	INFO	Listening on 127.0.0.1:46905
1647018603829	mozrunner::runner	INFO	Running command: "/usr/bin/firefox" "--marionette" "--remote-debugging-port" "56873" "-no-remote" "-profile" "/tmp/rust_mozprofiled3pEA9"
1647018604197	Marionette	INFO	Marionette enabled
console.warn: SearchSettings: "get: No settings file exists, new profile?" (new NotFoundError("Could not open the file at /tmp/rust_mozprofiled3pEA9/search.json.mozlz4", (void 0)))
DevTools listening on ws://localhost:56873/devtools/browser/099db40c-e611-41cd-914b-4a448b5e2b40
1647018605002	Marionette	INFO	Listening on port 40609
1647018605044	RemoteAgent	WARN	TLS certificate errors will be ignored for this session
console.warn: LoginRecipes: "getRecipes: falling back to a synchronous message for:" "https://open.spotify.com"
console.warn: LoginRecipes: "getRecipes: falling back to a synchronous message for:" "https://tr.snapchat.com"
1647018625873	Marionette	INFO	Stopped listening on port 40609
console.warn: TopSitesFeed: Failed to fetch data from Contile server: NetworkError when attempting to fetch resource.

###!!! [Parent][PImageBridgeParent] Error: RunMessage(msgname=PImageBridge::Msg_WillClose) Channel closing: too late to send/recv, messages will be lost

1647018626914	Marionette	INFO	Stopped listening on port 36447
console.warn: TopSitesFeed: Failed to fetch data from Contile server: NetworkError when attempting to fetch resource.

###!!! [Parent][PImageBridgeParent] Error: RunMessage(msgname=PImageBridge::Msg_WillClose) Channel closing: too late to send/recv, messages will be lost

1647018637811	geckodriver	INFO	Listening on 127.0.0.1:35583
1647018637814	mozrunner::runner	INFO	Running command: "/usr/bin/firefox" "--marionette" "--remote-debugging-port" "54697" "-no-remote" "-profile" "/tmp/rust_mozprofileMPUejX"
1647018638179	Marionette	INFO	Marionette enabled
console.warn: SearchSettings: "get: No settings file exists, new profile?" (new NotFoundError("Could not open the file at /tmp/rust_mozprofileMPUejX/search.json.mozlz4", (void 0)))
DevTools listening on ws://localhost:54697/devtools/browser/e1ea7dcb-7e61-4134-a970-ccf2a7952ae5
1647018638892	Marionette	INFO	Listening on port 42379
1647018638924	RemoteAgent	WARN	TLS certificate errors will be ignored for this session
console.warn: LoginRecipes: "getRecipes: falling back to a synchronous message for:" "https://open.spotify.com"
console.warn: LoginRecipes: "getRecipes: falling back to a synchronous message for:" "https://tr.snapchat.com"
1647018691238	geckodriver	INFO	Listening on 127.0.0.1:51465
1647018691241	mozrunner::runner	INFO	Running command: "/usr/bin/firefox" "--marionette" "--remote-debugging-port" "42699" "-no-remote" "-profile" "/tmp/rust_mozprofilepCSj5d"
1647018691607	Marionette	INFO	Marionette enabled
console.warn: SearchSettings: "get: No settings file exists, new profile?" (new NotFoundError("Could not open the file at /tmp/rust_mozprofilepCSj5d/search.json.mozlz4", (void 0)))
DevTools listening on ws://localhost:42699/devtools/browser/0d1003da-6bb3-4dab-b3c2-d2f6e3bba266
1647018692347	Marionette	INFO	Listening on port 41651
1647018692463	RemoteAgent	WARN	TLS certificate errors will be ignored for this session
console.warn: LoginRecipes: "getRecipes: falling back to a synchronous message for:" "https://open.spotify.com"
console.warn: LoginRecipes: "getRecipes: falling back to a synchronous message for:" "https://tr.snapchat.com"
1647018704025	Marionette	INFO	Stopped listening on port 42379
console.warn: TopSitesFeed: Failed to fetch data from Contile server: NetworkError when attempting to fetch resource.

###!!! [Parent][PImageBridgeParent] Error: RunMessage(msgname=PImageBridge::Msg_WillClose) Channel closing: too late to send/recv, messages will be lost

1647018792001	geckodriver	INFO	Listening on 127.0.0.1:40573
1647018792003	mozrunner::runner	INFO	Running command: "/usr/bin/firefox" "--marionette" "--remote-debugging-port" "51667" "-no-remote" "-profile" "/tmp/rust_mozprofilerVtbiB"
1647018792368	Marionette	INFO	Marionette enabled
console.warn: SearchSettings: "get: No settings file exists, new profile?" (new NotFoundError("Could not open the file at /tmp/rust_mozprofilerVtbiB/search.json.mozlz4", (void 0)))
DevTools listening on ws://localhost:51667/devtools/browser/01cc4a90-c723-48d8-acb8-bdf620ab81d2
1647018793059	Marionette	INFO	Listening on port 38551
1647018793117	RemoteAgent	WARN	TLS certificate errors will be ignored for this session
console.warn: LoginRecipes: "getRecipes: falling back to a synchronous message for:" "https://open.spotify.com"
console.warn: LoginRecipes: "getRecipes: falling back to a synchronous message for:" "https://tr.snapchat.com"
1647018818141	geckodriver	INFO	Listening on 127.0.0.1:53783
1647018818143	mozrunner::runner	INFO	Running command: "/usr/bin/firefox" "--marionette" "--remote-debugging-port" "40437" "-no-remote" "-profile" "/tmp/rust_mozprofilesqlxsp"
1647018818510	Marionette	INFO	Marionette enabled
console.warn: SearchSettings: "get: No settings file exists, new profile?" (new NotFoundError("Could not open the file at /tmp/rust_mozprofilesqlxsp/search.json.mozlz4", (void 0)))
DevTools listening on ws://localhost:40437/devtools/browser/3b374fe1-d0a9-4163-8006-0a23339d4321
1647018819237	Marionette	INFO	Listening on port 46475
1647018819253	RemoteAgent	WARN	TLS certificate errors will be ignored for this session
1647018828270	Marionette	INFO	Stopped listening on port 46475
console.warn: TopSitesFeed: Failed to fetch data from Contile server: NetworkError when attempting to fetch resource.

###!!! [Parent][PImageBridgeParent] Error: RunMessage(msgname=PImageBridge::Msg_WillClose) Channel closing: too late to send/recv, messages will be lost

SourceActor threw an exception: [Exception... "Component returned failure code: 0x80470002 (NS_BASE_STREAM_CLOSED) [nsIInputStream.available]"  nsresult: "0x80470002 (NS_BASE_STREAM_CLOSED)"  location: "JS frame :: resource://devtools/shared/DevToolsUtils.js :: onResponse :: line 567"  data: no]
Stack: onResponse@resource://devtools/shared/DevToolsUtils.js:567:34
onStopRequest@resource://gre/modules/NetUtil.jsm:128:18
Line: 567, column: 0
console.error: ({})
JavaScript error: resource://devtools/shared/DevToolsUtils.js, line 567: NS_BASE_STREAM_CLOSED: Component returned failure code: 0x80470002 (NS_BASE_STREAM_CLOSED) [nsIInputStream.available]
1647018942555	geckodriver	INFO	Listening on 127.0.0.1:37161
1647018942558	mozrunner::runner	INFO	Running command: "/usr/bin/firefox" "--marionette" "--remote-debugging-port" "43881" "-no-remote" "-profile" "/tmp/rust_mozprofilexS5cmF"
1647018942922	Marionette	INFO	Marionette enabled
console.warn: SearchSettings: "get: No settings file exists, new profile?" (new NotFoundError("Could not open the file at /tmp/rust_mozprofilexS5cmF/search.json.mozlz4", (void 0)))
DevTools listening on ws://localhost:43881/devtools/browser/d1c500db-2095-4901-94e8-53c69c4b94f6
1647018943614	Marionette	INFO	Listening on port 36099
1647018943670	RemoteAgent	WARN	TLS certificate errors will be ignored for this session
1647018955181	geckodriver	INFO	Listening on 127.0.0.1:40269
1647018955184	mozrunner::runner	INFO	Running command: "/usr/bin/firefox" "--marionette" "--remote-debugging-port" "38105" "-no-remote" "-profile" "/tmp/rust_mozprofilefLIEnp"
1647018955553	Marionette	INFO	Marionette enabled
console.warn: SearchSettings: "get: No settings file exists, new profile?" (new NotFoundError("Could not open the file at /tmp/rust_mozprofilefLIEnp/search.json.mozlz4", (void 0)))
DevTools listening on ws://localhost:38105/devtools/browser/2100e0db-45e0-4499-8a60-6cee1104fd98
1647018956291	Marionette	INFO	Listening on port 40321
1647018956396	RemoteAgent	WARN	TLS certificate errors will be ignored for this session
console.warn: LoginRecipes: "getRecipes: falling back to a synchronous message for:" "https://open.spotify.com"
console.warn: LoginRecipes: "getRecipes: falling back to a synchronous message for:" "https://tr.snapchat.com"
1647018982519	geckodriver	INFO	Listening on 127.0.0.1:56091
1647018982521	mozrunner::runner	INFO	Running command: "/usr/bin/firefox" "--marionette" "--remote-debugging-port" "56769" "-no-remote" "-profile" "/tmp/rust_mozprofiledi8sd9"
1647018982888	Marionette	INFO	Marionette enabled
console.warn: SearchSettings: "get: No settings file exists, new profile?" (new NotFoundError("Could not open the file at /tmp/rust_mozprofiledi8sd9/search.json.mozlz4", (void 0)))
DevTools listening on ws://localhost:56769/devtools/browser/dcaa240d-a548-4e4a-9ab7-f55c47c35ed5
1647018983844	Marionette	INFO	Listening on port 39481
1647018983931	RemoteAgent	WARN	TLS certificate errors will be ignored for this session
console.warn: LoginRecipes: "getRecipes: falling back to a synchronous message for:" "https://open.spotify.com"
console.warn: LoginRecipes: "getRecipes: falling back to a synchronous message for:" "https://tr.snapchat.com"
1647018995879	Marionette	INFO	Stopped listening on port 40321
console.warn: TopSitesFeed: Failed to fetch data from Contile server: NetworkError when attempting to fetch resource.
1647018996641	Marionette	INFO	Stopped listening on port 39481
console.warn: TopSitesFeed: Failed to fetch data from Contile server: NetworkError when attempting to fetch resource.

###!!! [Parent][PImageBridgeParent] Error: RunMessage(msgname=PImageBridge::Msg_WillClose) Channel closing: too late to send/recv, messages will be lost

1647019025107	geckodriver	INFO	Listening on 127.0.0.1:34029
1647019025109	mozrunner::runner	INFO	Running command: "/usr/bin/firefox" "--marionette" "--remote-debugging-port" "39961" "-no-remote" "-profile" "/tmp/rust_mozprofileubYFsu"
1647019025483	Marionette	INFO	Marionette enabled
console.warn: SearchSettings: "get: No settings file exists, new profile?" (new NotFoundError("Could not open the file at /tmp/rust_mozprofileubYFsu/search.json.mozlz4", (void 0)))
DevTools listening on ws://localhost:39961/devtools/browser/4e5ba0e1-a0ea-4e49-b5ee-81a67b9ea447
1647019026194	Marionette	INFO	Listening on port 39239
1647019026222	RemoteAgent	WARN	TLS certificate errors will be ignored for this session
console.warn: LoginRecipes: "getRecipes: falling back to a synchronous message for:" "https://open.spotify.com"
console.warn: LoginRecipes: "getRecipes: falling back to a synchronous message for:" "https://tr.snapchat.com"
1647019052855	geckodriver	INFO	Listening on 127.0.0.1:40355
1647019052857	mozrunner::runner	INFO	Running command: "/usr/bin/firefox" "--marionette" "--remote-debugging-port" "56471" "-no-remote" "-profile" "/tmp/rust_mozprofilediv6DS"
1647019053221	Marionette	INFO	Marionette enabled
console.warn: SearchSettings: "get: No settings file exists, new profile?" (new NotFoundError("Could not open the file at /tmp/rust_mozprofilediv6DS/search.json.mozlz4", (void 0)))
DevTools listening on ws://localhost:56471/devtools/browser/33ef3116-17b3-44b3-8acf-cb44f48f6e76
1647019054154	Marionette	INFO	Listening on port 35339
1647019054169	RemoteAgent	WARN	TLS certificate errors will be ignored for this session
console.warn: LoginRecipes: "getRecipes: falling back to a synchronous message for:" "https://open.spotify.com"
console.warn: LoginRecipes: "getRecipes: falling back to a synchronous message for:" "https://tr.snapchat.com"
1647019062012	Marionette	INFO	Stopped listening on port 35339
console.warn: TopSitesFeed: Failed to fetch data from Contile server: NetworkError when attempting to fetch resource.

###!!! [Parent][PImageBridgeParent] Error: RunMessage(msgname=PImageBridge::Msg_WillClose) Channel closing: too late to send/recv, messages will be lost

1647019116208	geckodriver	INFO	Listening on 127.0.0.1:46001
1647019116211	mozrunner::runner	INFO	Running command: "/usr/bin/firefox" "--marionette" "--remote-debugging-port" "49435" "-no-remote" "-profile" "/tmp/rust_mozprofileqTbzPH"
1647019116578	Marionette	INFO	Marionette enabled
console.warn: SearchSettings: "get: No settings file exists, new profile?" (new NotFoundError("Could not open the file at /tmp/rust_mozprofileqTbzPH/search.json.mozlz4", (void 0)))
DevTools listening on ws://localhost:49435/devtools/browser/e2698897-6443-4f30-838d-b796447694a0
1647019117329	Marionette	INFO	Listening on port 32815
1647019117423	RemoteAgent	WARN	TLS certificate errors will be ignored for this session
console.warn: LoginRecipes: "getRecipes: falling back to a synchronous message for:" "https://open.spotify.com"
console.warn: LoginRecipes: "getRecipes: falling back to a synchronous message for:" "https://tr.snapchat.com"
1647019124514	Marionette	INFO	Stopped listening on port 32815
console.warn: TopSitesFeed: Failed to fetch data from Contile server: NetworkError when attempting to fetch resource.

###!!! [Parent][PImageBridgeParent] Error: RunMessage(msgname=PImageBridge::Msg_WillClose) Channel closing: too late to send/recv, messages will be lost

1647019147446	geckodriver	INFO	Listening on 127.0.0.1:52401
1647019147448	mozrunner::runner	INFO	Running command: "/usr/bin/firefox" "--marionette" "--remote-debugging-port" "48127" "-no-remote" "-profile" "/tmp/rust_mozprofile5TzoIs"
1647019147821	Marionette	INFO	Marionette enabled
console.warn: SearchSettings: "get: No settings file exists, new profile?" (new NotFoundError("Could not open the file at /tmp/rust_mozprofile5TzoIs/search.json.mozlz4", (void 0)))
DevTools listening on ws://localhost:48127/devtools/browser/0f8c7672-7695-4ea8-85fd-0803463ac65c
1647019148517	Marionette	INFO	Listening on port 42125
1647019148559	RemoteAgent	WARN	TLS certificate errors will be ignored for this session
console.warn: LoginRecipes: "getRecipes: falling back to a synchronous message for:" "https://open.spotify.com"
console.warn: LoginRecipes: "getRecipes: falling back to a synchronous message for:" "https://tr.snapchat.com"
1647019157234	Marionette	INFO	Stopped listening on port 42125
console.warn: TopSitesFeed: Failed to fetch data from Contile server: NetworkError when attempting to fetch resource.
1647019201623	geckodriver	INFO	Listening on 127.0.0.1:34731
1647019201625	mozrunner::runner	INFO	Running command: "/usr/bin/firefox" "--marionette" "--remote-debugging-port" "34293" "-no-remote" "-profile" "/tmp/rust_mozprofilekUtSRM"
1647019201995	Marionette	INFO	Marionette enabled
console.warn: SearchSettings: "get: No settings file exists, new profile?" (new NotFoundError("Could not open the file at /tmp/rust_mozprofilekUtSRM/search.json.mozlz4", (void 0)))
DevTools listening on ws://localhost:34293/devtools/browser/27f8c514-8d78-488a-8b79-1fb2e27b7a14
1647019202699	Marionette	INFO	Listening on port 38029
1647019202737	RemoteAgent	WARN	TLS certificate errors will be ignored for this session
console.warn: LoginRecipes: "getRecipes: falling back to a synchronous message for:" "https://open.spotify.com"
console.warn: LoginRecipes: "getRecipes: falling back to a synchronous message for:" "https://tr.snapchat.com"
1647019210482	geckodriver	INFO	Listening on 127.0.0.1:54279
1647019210485	mozrunner::runner	INFO	Running command: "/usr/bin/firefox" "--marionette" "--remote-debugging-port" "54321" "-no-remote" "-profile" "/tmp/rust_mozprofileruysUy"
1647019210864	Marionette	INFO	Marionette enabled
console.warn: SearchSettings: "get: No settings file exists, new profile?" (new NotFoundError("Could not open the file at /tmp/rust_mozprofileruysUy/search.json.mozlz4", (void 0)))
DevTools listening on ws://localhost:54321/devtools/browser/7bce6fc7-78f9-46e6-bc40-73ec69e789a5
1647019211584	Marionette	INFO	Listening on port 32959
1647019211598	RemoteAgent	WARN	TLS certificate errors will be ignored for this session
console.warn: LoginRecipes: "getRecipes: falling back to a synchronous message for:" "https://open.spotify.com"
console.warn: LoginRecipes: "getRecipes: falling back to a synchronous message for:" "https://tr.snapchat.com"
1647019215733	geckodriver	INFO	Listening on 127.0.0.1:36751
1647019215736	mozrunner::runner	INFO	Running command: "/usr/bin/firefox" "--marionette" "--remote-debugging-port" "56531" "-no-remote" "-profile" "/tmp/rust_mozprofileTNLELF"
1647019216123	Marionette	INFO	Marionette enabled
console.warn: SearchSettings: "get: No settings file exists, new profile?" (new NotFoundError("Could not open the file at /tmp/rust_mozprofileTNLELF/search.json.mozlz4", (void 0)))
DevTools listening on ws://localhost:56531/devtools/browser/44ca1ae1-8ce6-4929-a504-5ace5461a756
1647019216899	Marionette	INFO	Listening on port 45669
1647019216947	RemoteAgent	WARN	TLS certificate errors will be ignored for this session
console.warn: LoginRecipes: "getRecipes: falling back to a synchronous message for:" "https://open.spotify.com"
console.warn: LoginRecipes: "getRecipes: falling back to a synchronous message for:" "https://tr.snapchat.com"
1647019231458	geckodriver	INFO	Listening on 127.0.0.1:58123
1647019231461	mozrunner::runner	INFO	Running command: "/usr/bin/firefox" "--marionette" "--remote-debugging-port" "52697" "-no-remote" "-profile" "/tmp/rust_mozprofileZBVi7J"
1647019231827	Marionette	INFO	Marionette enabled
console.warn: SearchSettings: "get: No settings file exists, new profile?" (new NotFoundError("Could not open the file at /tmp/rust_mozprofileZBVi7J/search.json.mozlz4", (void 0)))
DevTools listening on ws://localhost:52697/devtools/browser/71552909-1671-490a-a738-962f35d4efd5
1647019232668	Marionette	INFO	Listening on port 37547
1647019232777	RemoteAgent	WARN	TLS certificate errors will be ignored for this session
console.warn: LoginRecipes: "getRecipes: falling back to a synchronous message for:" "https://open.spotify.com"
console.warn: LoginRecipes: "getRecipes: falling back to a synchronous message for:" "https://tr.snapchat.com"
1647019269492	Marionette	INFO	Stopped listening on port 37547
console.warn: TopSitesFeed: Failed to fetch data from Contile server: NetworkError when attempting to fetch resource.

###!!! [Parent][PImageBridgeParent] Error: RunMessage(msgname=PImageBridge::Msg_WillClose) Channel closing: too late to send/recv, messages will be lost

1647019272098	Marionette	INFO	Stopped listening on port 45669
console.warn: TopSitesFeed: Failed to fetch data from Contile server: NetworkError when attempting to fetch resource.

###!!! [Parent][PImageBridgeParent] Error: RunMessage(msgname=PImageBridge::Msg_WillClose) Channel closing: too late to send/recv, messages will be lost

1647019274127	Marionette	INFO	Stopped listening on port 32959
console.warn: TopSitesFeed: Failed to fetch data from Contile server: NetworkError when attempting to fetch resource.

###!!! [Parent][PImageBridgeParent] Error: RunMessage(msgname=PImageBridge::Msg_WillClose) Channel closing: too late to send/recv, messages will be lost

1647019275220	Marionette	INFO	Stopped listening on port 38029
console.warn: TopSitesFeed: Failed to fetch data from Contile server: NetworkError when attempting to fetch resource.

###!!! [Parent][PImageBridgeParent] Error: RunMessage(msgname=PImageBridge::Msg_WillClose) Channel closing: too late to send/recv, messages will be lost

1647019276314	Marionette	INFO	Stopped listening on port 39239
console.warn: TopSitesFeed: Failed to fetch data from Contile server: NetworkError when attempting to fetch resource.

###!!! [Parent][PImageBridgeParent] Error: RunMessage(msgname=PImageBridge::Msg_WillClose) Channel closing: too late to send/recv, messages will be lost

1647019277812	Marionette	INFO	Stopped listening on port 41651
console.warn: TopSitesFeed: Failed to fetch data from Contile server: NetworkError when attempting to fetch resource.

###!!! [Parent][PImageBridgeParent] Error: RunMessage(msgname=PImageBridge::Msg_WillClose) Channel closing: too late to send/recv, messages will be lost

1647019313077	geckodriver	INFO	Listening on 127.0.0.1:60917
1647019313080	mozrunner::runner	INFO	Running command: "/usr/bin/firefox" "--marionette" "--remote-debugging-port" "59235" "-no-remote" "-profile" "/tmp/rust_mozprofiletuf1vY"
1647019313445	Marionette	INFO	Marionette enabled
console.warn: SearchSettings: "get: No settings file exists, new profile?" (new NotFoundError("Could not open the file at /tmp/rust_mozprofiletuf1vY/search.json.mozlz4", (void 0)))
DevTools listening on ws://localhost:59235/devtools/browser/5333e50d-43c1-4619-88fd-05b6cd109986
1647019314152	Marionette	INFO	Listening on port 40005
1647019314189	RemoteAgent	WARN	TLS certificate errors will be ignored for this session
console.warn: LoginRecipes: "getRecipes: falling back to a synchronous message for:" "https://open.spotify.com"
console.warn: LoginRecipes: "getRecipes: falling back to a synchronous message for:" "https://tr.snapchat.com"
1647019318244	Marionette	INFO	Stopped listening on port 40005
console.warn: TopSitesFeed: Failed to fetch data from Contile server: NetworkError when attempting to fetch resource.

###!!! [Parent][PImageBridgeParent] Error: RunMessage(msgname=PImageBridge::Msg_WillClose) Channel closing: too late to send/recv, messages will be lost

1647019341026	geckodriver	INFO	Listening on 127.0.0.1:48591
1647019341028	mozrunner::runner	INFO	Running command: "/usr/bin/firefox" "--marionette" "--remote-debugging-port" "37137" "-no-remote" "-profile" "/tmp/rust_mozprofileGsIpTO"
1647019341399	Marionette	INFO	Marionette enabled
console.warn: SearchSettings: "get: No settings file exists, new profile?" (new NotFoundError("Could not open the file at /tmp/rust_mozprofileGsIpTO/search.json.mozlz4", (void 0)))
DevTools listening on ws://localhost:37137/devtools/browser/f8281c88-b7d6-4364-af11-50fd626e51b1
1647019342154	Marionette	INFO	Listening on port 40231
1647019342242	RemoteAgent	WARN	TLS certificate errors will be ignored for this session
console.warn: LoginRecipes: "getRecipes: falling back to a synchronous message for:" "https://open.spotify.com"
console.warn: LoginRecipes: "getRecipes: falling back to a synchronous message for:" "https://tr.snapchat.com"
1647019375075	geckodriver	INFO	Listening on 127.0.0.1:48915
1647019375078	mozrunner::runner	INFO	Running command: "/usr/bin/firefox" "--marionette" "--remote-debugging-port" "35501" "-no-remote" "-profile" "/tmp/rust_mozprofileBinTMe"
1647019375444	Marionette	INFO	Marionette enabled
console.warn: SearchSettings: "get: No settings file exists, new profile?" (new NotFoundError("Could not open the file at /tmp/rust_mozprofileBinTMe/search.json.mozlz4", (void 0)))
DevTools listening on ws://localhost:35501/devtools/browser/26350d0d-12b3-4c3e-8fbe-1ed19a790e06
1647019376229	Marionette	INFO	Listening on port 42927
1647019376298	RemoteAgent	WARN	TLS certificate errors will be ignored for this session
console.warn: LoginRecipes: "getRecipes: falling back to a synchronous message for:" "https://open.spotify.com"
console.warn: LoginRecipes: "getRecipes: falling back to a synchronous message for:" "https://tr.snapchat.com"
SourceActor threw an exception: [Exception... "Component returned failure code: 0x80470002 (NS_BASE_STREAM_CLOSED) [nsIInputStream.available]"  nsresult: "0x80470002 (NS_BASE_STREAM_CLOSED)"  location: "JS frame :: resource://devtools/shared/DevToolsUtils.js :: onResponse :: line 567"  data: no]
Stack: onResponse@resource://devtools/shared/DevToolsUtils.js:567:34
onStopRequest@resource://gre/modules/NetUtil.jsm:128:18
Line: 567, column: 0
console.error: ({})
JavaScript error: resource://devtools/shared/DevToolsUtils.js, line 567: NS_BASE_STREAM_CLOSED: Component returned failure code: 0x80470002 (NS_BASE_STREAM_CLOSED) [nsIInputStream.available]
JavaScript error: , line 0: NotFoundError: No such JSWindowActor 'DevToolsFrame'
JavaScript error: , line 0: NotFoundError: No such JSWindowActor 'DevToolsFrame'
JavaScript error: , line 0: NotFoundError: No such JSWindowActor 'DevToolsFrame'
JavaScript error: , line 0: NotFoundError: No such JSWindowActor 'DevToolsFrame'
JavaScript error: , line 0: NotFoundError: No such JSWindowActor 'DevToolsFrame'
1647019461909	geckodriver	INFO	Listening on 127.0.0.1:47881
1647019461912	mozrunner::runner	INFO	Running command: "/usr/bin/firefox" "--marionette" "--remote-debugging-port" "45881" "-no-remote" "-profile" "/tmp/rust_mozprofileZTqD4U"
1647019462279	Marionette	INFO	Marionette enabled
console.warn: SearchSettings: "get: No settings file exists, new profile?" (new NotFoundError("Could not open the file at /tmp/rust_mozprofileZTqD4U/search.json.mozlz4", (void 0)))
DevTools listening on ws://localhost:45881/devtools/browser/ce757486-b19a-4980-8f74-04311f07497e
1647019462970	Marionette	INFO	Listening on port 41127
1647019463023	RemoteAgent	WARN	TLS certificate errors will be ignored for this session
console.warn: LoginRecipes: "getRecipes: falling back to a synchronous message for:" "https://open.spotify.com"
console.warn: LoginRecipes: "getRecipes: falling back to a synchronous message for:" "https://tr.snapchat.com"
1647019484827	geckodriver	INFO	Listening on 127.0.0.1:52201
1647019484829	mozrunner::runner	INFO	Running command: "/usr/bin/firefox" "--marionette" "--remote-debugging-port" "49457" "-no-remote" "-profile" "/tmp/rust_mozprofileFaFYtE"
1647019485198	Marionette	INFO	Marionette enabled
console.warn: SearchSettings: "get: No settings file exists, new profile?" (new NotFoundError("Could not open the file at /tmp/rust_mozprofileFaFYtE/search.json.mozlz4", (void 0)))
DevTools listening on ws://localhost:49457/devtools/browser/b989318c-0b6d-4311-9faf-20965346016d
1647019485950	Marionette	INFO	Listening on port 38243
1647019486045	RemoteAgent	WARN	TLS certificate errors will be ignored for this session
console.warn: LoginRecipes: "getRecipes: falling back to a synchronous message for:" "https://open.spotify.com"
console.warn: LoginRecipes: "getRecipes: falling back to a synchronous message for:" "https://tr.snapchat.com"
1647019499126	geckodriver	INFO	Listening on 127.0.0.1:47885
1647019499129	mozrunner::runner	INFO	Running command: "/usr/bin/firefox" "--marionette" "--remote-debugging-port" "43011" "-no-remote" "-profile" "/tmp/rust_mozprofile8P8zx0"
1647019499503	Marionette	INFO	Marionette enabled
console.warn: SearchSettings: "get: No settings file exists, new profile?" (new NotFoundError("Could not open the file at /tmp/rust_mozprofile8P8zx0/search.json.mozlz4", (void 0)))
DevTools listening on ws://localhost:43011/devtools/browser/b1c83fc4-a6a9-44db-9280-bfd1db342eb7
1647019500199	Marionette	INFO	Listening on port 39049
1647019500239	RemoteAgent	WARN	TLS certificate errors will be ignored for this session
console.warn: LoginRecipes: "getRecipes: falling back to a synchronous message for:" "https://open.spotify.com"
console.warn: LoginRecipes: "getRecipes: falling back to a synchronous message for:" "https://tr.snapchat.com"
1647019513613	geckodriver	INFO	Listening on 127.0.0.1:57413
1647019513615	mozrunner::runner	INFO	Running command: "/usr/bin/firefox" "--marionette" "--remote-debugging-port" "34821" "-no-remote" "-profile" "/tmp/rust_mozprofileYw55O5"
1647019513986	Marionette	INFO	Marionette enabled
console.warn: SearchSettings: "get: No settings file exists, new profile?" (new NotFoundError("Could not open the file at /tmp/rust_mozprofileYw55O5/search.json.mozlz4", (void 0)))
DevTools listening on ws://localhost:34821/devtools/browser/c8aba003-0618-42a9-bb53-d818aabed5f1
1647019514725	Marionette	INFO	Listening on port 42599
1647019514829	RemoteAgent	WARN	TLS certificate errors will be ignored for this session
console.warn: LoginRecipes: "getRecipes: falling back to a synchronous message for:" "https://open.spotify.com"
console.warn: LoginRecipes: "getRecipes: falling back to a synchronous message for:" "https://tr.snapchat.com"
1647019536653	geckodriver	INFO	Listening on 127.0.0.1:53843
1647019536655	mozrunner::runner	INFO	Running command: "/usr/bin/firefox" "--marionette" "--remote-debugging-port" "45901" "-no-remote" "-profile" "/tmp/rust_mozprofileucm4Yy"
1647019537031	Marionette	INFO	Marionette enabled
console.warn: SearchSettings: "get: No settings file exists, new profile?" (new NotFoundError("Could not open the file at /tmp/rust_mozprofileucm4Yy/search.json.mozlz4", (void 0)))
DevTools listening on ws://localhost:45901/devtools/browser/ada82dba-b968-48e7-acaa-64f383367206
1647019537772	Marionette	INFO	Listening on port 41173
1647019537876	RemoteAgent	WARN	TLS certificate errors will be ignored for this session
console.warn: LoginRecipes: "getRecipes: falling back to a synchronous message for:" "https://open.spotify.com"
console.warn: LoginRecipes: "getRecipes: falling back to a synchronous message for:" "https://tr.snapchat.com"
1647019546603	geckodriver	INFO	Listening on 127.0.0.1:52135
1647019546606	mozrunner::runner	INFO	Running command: "/usr/bin/firefox" "--marionette" "--remote-debugging-port" "50977" "-no-remote" "-profile" "/tmp/rust_mozprofileoiQva2"
1647019546983	Marionette	INFO	Marionette enabled
console.warn: SearchSettings: "get: No settings file exists, new profile?" (new NotFoundError("Could not open the file at /tmp/rust_mozprofileoiQva2/search.json.mozlz4", (void 0)))
DevTools listening on ws://localhost:50977/devtools/browser/1da90021-c875-4c86-9d78-18500d41cbed
1647019547987	Marionette	INFO	Listening on port 43319
1647019548017	RemoteAgent	WARN	TLS certificate errors will be ignored for this session
console.warn: LoginRecipes: "getRecipes: falling back to a synchronous message for:" "https://open.spotify.com"
console.warn: LoginRecipes: "getRecipes: falling back to a synchronous message for:" "https://tr.snapchat.com"
1647019592493	geckodriver	INFO	Listening on 127.0.0.1:52397
1647019592495	mozrunner::runner	INFO	Running command: "/usr/bin/firefox" "--marionette" "--remote-debugging-port" "58119" "-no-remote" "-profile" "/tmp/rust_mozprofile6XkxOX"
1647019592862	Marionette	INFO	Marionette enabled
console.warn: SearchSettings: "get: No settings file exists, new profile?" (new NotFoundError("Could not open the file at /tmp/rust_mozprofile6XkxOX/search.json.mozlz4", (void 0)))
DevTools listening on ws://localhost:58119/devtools/browser/e91a656f-c705-4e76-a9d9-5e87d68831eb
1647019593840	Marionette	INFO	Listening on port 40137
1647019593912	RemoteAgent	WARN	TLS certificate errors will be ignored for this session
console.warn: LoginRecipes: "getRecipes: falling back to a synchronous message for:" "https://open.spotify.com"
console.warn: LoginRecipes: "getRecipes: falling back to a synchronous message for:" "https://tr.snapchat.com"
SourceActor threw an exception: [Exception... "Component returned failure code: 0x80470002 (NS_BASE_STREAM_CLOSED) [nsIInputStream.available]"  nsresult: "0x80470002 (NS_BASE_STREAM_CLOSED)"  location: "JS frame :: resource://devtools/shared/DevToolsUtils.js :: onResponse :: line 567"  data: no]
Stack: onResponse@resource://devtools/shared/DevToolsUtils.js:567:34
onStopRequest@resource://gre/modules/NetUtil.jsm:128:18
Line: 567, column: 0
console.error: ({})
JavaScript error: resource://devtools/shared/DevToolsUtils.js, line 567: NS_BASE_STREAM_CLOSED: Component returned failure code: 0x80470002 (NS_BASE_STREAM_CLOSED) [nsIInputStream.available]
JavaScript error: resource://gre/modules/AsyncShutdown.jsm, line 575: NotFoundError: No such JSWindowActor 'DevToolsFrame'
JavaScript error: resource://gre/modules/AsyncShutdown.jsm, line 575: NotFoundError: No such JSWindowActor 'DevToolsFrame'
JavaScript error: resource://gre/modules/AsyncShutdown.jsm, line 575: NotFoundError: No such JSWindowActor 'DevToolsFrame'
JavaScript error: resource://gre/modules/AsyncShutdown.jsm, line 575: NotFoundError: No such JSWindowActor 'DevToolsFrame'
JavaScript error: resource://gre/modules/AsyncShutdown.jsm, line 575: NotFoundError: No such JSWindowActor 'DevToolsFrame'
1647019627602	Marionette	INFO	Stopped listening on port 40137

###!!! [Parent][PImageBridgeParent] Error: RunMessage(msgname=PImageBridge::Msg_WillClose) Channel closing: too late to send/recv, messages will be lost

1647019682410	geckodriver	INFO	Listening on 127.0.0.1:50787
1647019682414	mozrunner::runner	INFO	Running command: "/usr/bin/firefox" "--marionette" "--remote-debugging-port" "39785" "-no-remote" "-profile" "/tmp/rust_mozprofiledDiwHj"
1647019682791	Marionette	INFO	Marionette enabled
console.warn: SearchSettings: "get: No settings file exists, new profile?" (new NotFoundError("Could not open the file at /tmp/rust_mozprofiledDiwHj/search.json.mozlz4", (void 0)))
DevTools listening on ws://localhost:39785/devtools/browser/0cc36609-216a-4500-8925-23577d952781
1647019683484	Marionette	INFO	Listening on port 35711
1647019683525	RemoteAgent	WARN	TLS certificate errors will be ignored for this session
console.warn: LoginRecipes: "getRecipes: falling back to a synchronous message for:" "https://open.spotify.com"
console.warn: LoginRecipes: "getRecipes: falling back to a synchronous message for:" "https://tr.snapchat.com"
1647019699906	Marionette	INFO	Stopped listening on port 35711
console.warn: TopSitesFeed: Failed to fetch data from Contile server: NetworkError when attempting to fetch resource.

###!!! [Parent][PImageBridgeParent] Error: RunMessage(msgname=PImageBridge::Msg_WillClose) Channel closing: too late to send/recv, messages will be lost

1647019808989	geckodriver	INFO	Listening on 127.0.0.1:53667
1647019808992	mozrunner::runner	INFO	Running command: "/usr/bin/firefox" "--marionette" "--remote-debugging-port" "57583" "-no-remote" "-profile" "/tmp/rust_mozprofilegcsY0Z"
1647019809364	Marionette	INFO	Marionette enabled
console.warn: SearchSettings: "get: No settings file exists, new profile?" (new NotFoundError("Could not open the file at /tmp/rust_mozprofilegcsY0Z/search.json.mozlz4", (void 0)))
DevTools listening on ws://localhost:57583/devtools/browser/a29ee6e4-5791-4486-aa62-b6d876d81501
1647019810299	Marionette	INFO	Listening on port 37041
1647019810405	RemoteAgent	WARN	TLS certificate errors will be ignored for this session
console.warn: LoginRecipes: "getRecipes: falling back to a synchronous message for:" "https://open.spotify.com"
console.warn: LoginRecipes: "getRecipes: falling back to a synchronous message for:" "https://tr.snapchat.com"
1647019865867	geckodriver	INFO	Listening on 127.0.0.1:52773
1647019865870	mozrunner::runner	INFO	Running command: "/usr/bin/firefox" "--marionette" "--remote-debugging-port" "34121" "-no-remote" "-profile" "/tmp/rust_mozprofileD7pGAp"
1647019866250	Marionette	INFO	Marionette enabled
console.warn: SearchSettings: "get: No settings file exists, new profile?" (new NotFoundError("Could not open the file at /tmp/rust_mozprofileD7pGAp/search.json.mozlz4", (void 0)))
DevTools listening on ws://localhost:34121/devtools/browser/9edf4deb-1804-4d6b-a8c8-c424ba3c9204
1647019867222	Marionette	INFO	Listening on port 35693
1647019867288	RemoteAgent	WARN	TLS certificate errors will be ignored for this session
console.warn: LoginRecipes: "getRecipes: falling back to a synchronous message for:" "https://open.spotify.com"
console.warn: LoginRecipes: "getRecipes: falling back to a synchronous message for:" "https://tr.snapchat.com"
1647019883841	geckodriver	INFO	Listening on 127.0.0.1:38605
1647019883844	mozrunner::runner	INFO	Running command: "/usr/bin/firefox" "--marionette" "--remote-debugging-port" "56459" "-no-remote" "-profile" "/tmp/rust_mozprofile2RwVCw"
1647019884214	Marionette	INFO	Marionette enabled
console.warn: SearchSettings: "get: No settings file exists, new profile?" (new NotFoundError("Could not open the file at /tmp/rust_mozprofile2RwVCw/search.json.mozlz4", (void 0)))
DevTools listening on ws://localhost:56459/devtools/browser/3baf5d74-c2e1-4086-a9c2-fef1d1d2ad46
1647019885186	Marionette	INFO	Listening on port 38241
1647019885260	RemoteAgent	WARN	TLS certificate errors will be ignored for this session
console.warn: LoginRecipes: "getRecipes: falling back to a synchronous message for:" "https://open.spotify.com"
console.warn: LoginRecipes: "getRecipes: falling back to a synchronous message for:" "https://tr.snapchat.com"
SourceActor threw an exception: [Exception... "Component returned failure code: 0x80470002 (NS_BASE_STREAM_CLOSED) [nsIInputStream.available]"  nsresult: "0x80470002 (NS_BASE_STREAM_CLOSED)"  location: "JS frame :: resource://devtools/shared/DevToolsUtils.js :: onResponse :: line 567"  data: no]
Stack: onResponse@resource://devtools/shared/DevToolsUtils.js:567:34
onStopRequest@resource://gre/modules/NetUtil.jsm:128:18
Line: 567, column: 0
console.error: ({})
JavaScript error: resource://devtools/shared/DevToolsUtils.js, line 567: NS_BASE_STREAM_CLOSED: Component returned failure code: 0x80470002 (NS_BASE_STREAM_CLOSED) [nsIInputStream.available]
1647019969623	geckodriver	INFO	Listening on 127.0.0.1:52209
1647019969625	mozrunner::runner	INFO	Running command: "/usr/bin/firefox" "--marionette" "--remote-debugging-port" "58455" "-no-remote" "-profile" "/tmp/rust_mozprofile2jQLhB"
1647019970019	Marionette	INFO	Marionette enabled
console.warn: SearchSettings: "get: No settings file exists, new profile?" (new NotFoundError("Could not open the file at /tmp/rust_mozprofile2jQLhB/search.json.mozlz4", (void 0)))
DevTools listening on ws://localhost:58455/devtools/browser/bc9c4970-3281-4313-a3ac-978752933c26
1647019970980	Marionette	INFO	Listening on port 46677
1647019971036	RemoteAgent	WARN	TLS certificate errors will be ignored for this session
console.warn: LoginRecipes: "getRecipes: falling back to a synchronous message for:" "https://open.spotify.com"
console.warn: LoginRecipes: "getRecipes: falling back to a synchronous message for:" "https://tr.snapchat.com"
1647020090326	geckodriver	INFO	Listening on 127.0.0.1:60255
1647020090329	mozrunner::runner	INFO	Running command: "/usr/bin/firefox" "--marionette" "--remote-debugging-port" "37989" "-no-remote" "-profile" "/tmp/rust_mozprofilecdTHP7"
1647020090696	Marionette	INFO	Marionette enabled
console.warn: SearchSettings: "get: No settings file exists, new profile?" (new NotFoundError("Could not open the file at /tmp/rust_mozprofilecdTHP7/search.json.mozlz4", (void 0)))
DevTools listening on ws://localhost:37989/devtools/browser/08f9c89e-78f2-4f84-a639-23942ae0b7e1
1647020091753	Marionette	INFO	Listening on port 40209
1647020091840	RemoteAgent	WARN	TLS certificate errors will be ignored for this session
console.warn: LoginRecipes: "getRecipes: falling back to a synchronous message for:" "https://open.spotify.com"
console.warn: LoginRecipes: "getRecipes: falling back to a synchronous message for:" "https://tr.snapchat.com"
1647020209703	geckodriver	INFO	Listening on 127.0.0.1:40363
1647020209706	mozrunner::runner	INFO	Running command: "/usr/bin/firefox" "--marionette" "--remote-debugging-port" "35811" "-no-remote" "-profile" "/tmp/rust_mozprofileATAvoc"
1647020210092	Marionette	INFO	Marionette enabled
console.warn: SearchSettings: "get: No settings file exists, new profile?" (new NotFoundError("Could not open the file at /tmp/rust_mozprofileATAvoc/search.json.mozlz4", (void 0)))
DevTools listening on ws://localhost:35811/devtools/browser/3d305662-4956-4109-8b79-d9d1e1cce033
1647020211206	Marionette	INFO	Listening on port 40095
1647020211220	RemoteAgent	WARN	TLS certificate errors will be ignored for this session
console.warn: LoginRecipes: "getRecipes: falling back to a synchronous message for:" "https://open.spotify.com"
console.warn: LoginRecipes: "getRecipes: falling back to a synchronous message for:" "https://tr.snapchat.com"
1647020218842	geckodriver	INFO	Listening on 127.0.0.1:39543
1647020218844	mozrunner::runner	INFO	Running command: "/usr/bin/firefox" "--marionette" "--remote-debugging-port" "39257" "-no-remote" "-profile" "/tmp/rust_mozprofileNUYQEM"
1647020219232	Marionette	INFO	Marionette enabled
console.warn: SearchSettings: "get: No settings file exists, new profile?" (new NotFoundError("Could not open the file at /tmp/rust_mozprofileNUYQEM/search.json.mozlz4", (void 0)))
DevTools listening on ws://localhost:39257/devtools/browser/19800992-449a-4dfa-8dab-9522932b9051
1647020220177	Marionette	INFO	Listening on port 36077
1647020220261	RemoteAgent	WARN	TLS certificate errors will be ignored for this session
console.warn: LoginRecipes: "getRecipes: falling back to a synchronous message for:" "https://open.spotify.com"
console.warn: LoginRecipes: "getRecipes: falling back to a synchronous message for:" "https://tr.snapchat.com"
1647020231000	geckodriver	INFO	Listening on 127.0.0.1:36253
1647020231002	mozrunner::runner	INFO	Running command: "/usr/bin/firefox" "--marionette" "--remote-debugging-port" "60021" "-no-remote" "-profile" "/tmp/rust_mozprofileQ0Q6a2"
1647020231381	Marionette	INFO	Marionette enabled
console.warn: SearchSettings: "get: No settings file exists, new profile?" (new NotFoundError("Could not open the file at /tmp/rust_mozprofileQ0Q6a2/search.json.mozlz4", (void 0)))
DevTools listening on ws://localhost:60021/devtools/browser/5508d4a7-1244-4945-b9a2-c297317a7311
1647020232333	Marionette	INFO	Listening on port 35645
1647020232419	RemoteAgent	WARN	TLS certificate errors will be ignored for this session
console.warn: LoginRecipes: "getRecipes: falling back to a synchronous message for:" "https://open.spotify.com"
console.warn: LoginRecipes: "getRecipes: falling back to a synchronous message for:" "https://tr.snapchat.com"
1647020279121	geckodriver	INFO	Listening on 127.0.0.1:40781
1647020279123	mozrunner::runner	INFO	Running command: "/usr/bin/firefox" "--marionette" "--remote-debugging-port" "53219" "-no-remote" "-profile" "/tmp/rust_mozprofilerlfsyK"
1647020279494	Marionette	INFO	Marionette enabled
console.warn: SearchSettings: "get: No settings file exists, new profile?" (new NotFoundError("Could not open the file at /tmp/rust_mozprofilerlfsyK/search.json.mozlz4", (void 0)))
DevTools listening on ws://localhost:53219/devtools/browser/93d24050-8bef-4d73-94a0-fb65ca1d8129
1647020280494	Marionette	INFO	Listening on port 43467
1647020280535	RemoteAgent	WARN	TLS certificate errors will be ignored for this session
console.warn: LoginRecipes: "getRecipes: falling back to a synchronous message for:" "https://open.spotify.com"
console.warn: LoginRecipes: "getRecipes: falling back to a synchronous message for:" "https://tr.snapchat.com"
1647020331400	geckodriver	INFO	Listening on 127.0.0.1:56235
1647020331402	mozrunner::runner	INFO	Running command: "/usr/bin/firefox" "--marionette" "--remote-debugging-port" "50789" "-no-remote" "-profile" "/tmp/rust_mozprofilezdinfe"
1647020331771	Marionette	INFO	Marionette enabled
console.warn: SearchSettings: "get: No settings file exists, new profile?" (new NotFoundError("Could not open the file at /tmp/rust_mozprofilezdinfe/search.json.mozlz4", (void 0)))
DevTools listening on ws://localhost:50789/devtools/browser/3230a48b-e118-4fe9-9bbb-758435ee52f5
1647020332717	Marionette	INFO	Listening on port 32913
1647020332818	RemoteAgent	WARN	TLS certificate errors will be ignored for this session
console.warn: LoginRecipes: "getRecipes: falling back to a synchronous message for:" "https://open.spotify.com"
console.warn: LoginRecipes: "getRecipes: falling back to a synchronous message for:" "https://tr.snapchat.com"
1647020345589	geckodriver	INFO	Listening on 127.0.0.1:43325
1647020345591	mozrunner::runner	INFO	Running command: "/usr/bin/firefox" "--marionette" "--remote-debugging-port" "44629" "-no-remote" "-profile" "/tmp/rust_mozprofileUtB1A1"
1647020345991	Marionette	INFO	Marionette enabled
console.warn: SearchSettings: "get: No settings file exists, new profile?" (new NotFoundError("Could not open the file at /tmp/rust_mozprofileUtB1A1/search.json.mozlz4", (void 0)))
DevTools listening on ws://localhost:44629/devtools/browser/1aa1a86b-376c-4dc1-81cc-bf645c481cca
1647020347122	Marionette	INFO	Listening on port 33267
1647020347210	RemoteAgent	WARN	TLS certificate errors will be ignored for this session
console.warn: LoginRecipes: "getRecipes: falling back to a synchronous message for:" "https://open.spotify.com"
console.warn: LoginRecipes: "getRecipes: falling back to a synchronous message for:" "https://tr.snapchat.com"
1647020354963	geckodriver	INFO	Listening on 127.0.0.1:36319
1647020354968	mozrunner::runner	INFO	Running command: "/usr/bin/firefox" "--marionette" "--remote-debugging-port" "35879" "-no-remote" "-profile" "/tmp/rust_mozprofile36d2wr"
1647020356065	Marionette	INFO	Marionette enabled
JavaScript error: , line 0: uncaught exception: Timeout (o)
1647020391677	Marionette	INFO	Stopped listening on port 33267
console.warn: SearchSettings: "get: No settings file exists, new profile?" (new NotFoundError("Could not open the file at /tmp/rust_mozprofile36d2wr/search.json.mozlz4", (void 0)))
console.warn: TopSitesFeed: Failed to fetch data from Contile server: NetworkError when attempting to fetch resource.
DevTools listening on ws://localhost:35879/devtools/browser/2905735e-f104-49b9-b493-2629f8f1aa3e
1647020392221	Marionette	INFO	Listening on port 38531
1647020392322	RemoteAgent	WARN	TLS certificate errors will be ignored for this session
1647020393110	Marionette	INFO	Stopped listening on port 38531
console.warn: TopSitesFeed: Failed to fetch data from Contile server: NetworkError when attempting to fetch resource.
JavaScript error: chrome://remote/content/marionette/cert.js, line 55: NS_ERROR_NOT_AVAILABLE: Component returned failure code: 0x80040111 (NS_ERROR_NOT_AVAILABLE) [nsICertOverrideService.setDisableAllSecurityChecksAndLetAttackersInterceptMyData]

###!!! [Parent][PImageBridgeParent] Error: RunMessage(msgname=PImageBridge::Msg_WillClose) Channel closing: too late to send/recv, messages will be lost

1647020395926	Marionette	INFO	Stopped listening on port 43467
console.warn: TopSitesFeed: Failed to fetch data from Contile server: NetworkError when attempting to fetch resource.

###!!! [Parent][PImageBridgeParent] Error: RunMessage(msgname=PImageBridge::Msg_WillClose) Channel closing: too late to send/recv, messages will be lost

1647020398745	Marionette	INFO	Stopped listening on port 32913
console.warn: TopSitesFeed: Failed to fetch data from Contile server: NetworkError when attempting to fetch resource.

###!!! [Parent][PImageBridgeParent] Error: RunMessage(msgname=PImageBridge::Msg_WillClose) Channel closing: too late to send/recv, messages will be lost

1647020401996	Marionette	INFO	Stopped listening on port 40209
console.warn: TopSitesFeed: Failed to fetch data from Contile server: NetworkError when attempting to fetch resource.

###!!! [Parent][PImageBridgeParent] Error: RunMessage(msgname=PImageBridge::Msg_WillClose) Channel closing: too late to send/recv, messages will be lost

1647020403272	Marionette	INFO	Stopped listening on port 39049
console.warn: TopSitesFeed: Failed to fetch data from Contile server: NetworkError when attempting to fetch resource.

###!!! [Parent][PImageBridgeParent] Error: RunMessage(msgname=PImageBridge::Msg_WillClose) Channel closing: too late to send/recv, messages will be lost

1647020403983	Marionette	INFO	Stopped listening on port 42927
console.warn: TopSitesFeed: Failed to fetch data from Contile server: NetworkError when attempting to fetch resource.

###!!! [Parent][PImageBridgeParent] Error: RunMessage(msgname=PImageBridge::Msg_WillClose) Channel closing: too late to send/recv, messages will be lost

1647020404665	Marionette	INFO	Stopped listening on port 41173
console.warn: TopSitesFeed: Failed to fetch data from Contile server: NetworkError when attempting to fetch resource.
1647020405364	Marionette	INFO	Stopped listening on port 43319
console.warn: TopSitesFeed: Failed to fetch data from Contile server: NetworkError when attempting to fetch resource.

###!!! [Parent][PImageBridgeParent] Error: RunMessage(msgname=PImageBridge::Msg_WillClose) Channel closing: too late to send/recv, messages will be lost

1647020406048	Marionette	INFO	Stopped listening on port 37041
console.warn: TopSitesFeed: Failed to fetch data from Contile server: NetworkError when attempting to fetch resource.

###!!! [Parent][PImageBridgeParent] Error: RunMessage(msgname=PImageBridge::Msg_WillClose) Channel closing: too late to send/recv, messages will be lost


###!!! [Parent][PImageBridgeParent] Error: RunMessage(msgname=PImageBridge::Msg_WillClose) Channel closing: too late to send/recv, messages will be lost

1647020406909	Marionette	INFO	Stopped listening on port 42599
console.warn: TopSitesFeed: Failed to fetch data from Contile server: NetworkError when attempting to fetch resource.

###!!! [Parent][PImageBridgeParent] Error: RunMessage(msgname=PImageBridge::Msg_WillClose) Channel closing: too late to send/recv, messages will be lost

1647020412048	Marionette	INFO	Stopped listening on port 35693
console.warn: TopSitesFeed: Failed to fetch data from Contile server: NetworkError when attempting to fetch resource.

###!!! [Parent][PImageBridgeParent] Error: RunMessage(msgname=PImageBridge::Msg_WillClose) Channel closing: too late to send/recv, messages will be lost

1647020412730	Marionette	INFO	Stopped listening on port 41127
console.warn: TopSitesFeed: Failed to fetch data from Contile server: NetworkError when attempting to fetch resource.

###!!! [Parent][PImageBridgeParent] Error: RunMessage(msgname=PImageBridge::Msg_WillClose) Channel closing: too late to send/recv, messages will be lost

1647020413366	Marionette	INFO	Stopped listening on port 36077
console.warn: TopSitesFeed: Failed to fetch data from Contile server: NetworkError when attempting to fetch resource.

###!!! [Parent][PImageBridgeParent] Error: RunMessage(msgname=PImageBridge::Msg_WillClose) Channel closing: too late to send/recv, messages will be lost

1647020414033	Marionette	INFO	Stopped listening on port 35645
console.warn: TopSitesFeed: Failed to fetch data from Contile server: NetworkError when attempting to fetch resource.

###!!! [Parent][PImageBridgeParent] Error: RunMessage(msgname=PImageBridge::Msg_WillClose) Channel closing: too late to send/recv, messages will be lost

1647020415566	Marionette	INFO	Stopped listening on port 38243
console.warn: TopSitesFeed: Failed to fetch data from Contile server: NetworkError when attempting to fetch resource.

###!!! [Parent][PImageBridgeParent] Error: RunMessage(msgname=PImageBridge::Msg_WillClose) Channel closing: too late to send/recv, messages will be lost

1647020416383	Marionette	INFO	Stopped listening on port 40231
console.warn: TopSitesFeed: Failed to fetch data from Contile server: NetworkError when attempting to fetch resource.
1647020417893	Marionette	INFO	Stopped listening on port 40095
console.warn: TopSitesFeed: Failed to fetch data from Contile server: NetworkError when attempting to fetch resource.

###!!! [Parent][PImageBridgeParent] Error: RunMessage(msgname=PImageBridge::Msg_WillClose) Channel closing: too late to send/recv, messages will be lost

1647020418990	Marionette	INFO	Stopped listening on port 36099
console.warn: TopSitesFeed: Failed to fetch data from Contile server: NetworkError when attempting to fetch resource.

###!!! [Parent][PImageBridgeParent] Error: RunMessage(msgname=PImageBridge::Msg_WillClose) Channel closing: too late to send/recv, messages will be lost

JavaScript error: resource://gre/modules/AsyncShutdown.jsm, line 575: NotFoundError: No such JSWindowActor 'DevToolsFrame'
JavaScript error: resource://gre/modules/AsyncShutdown.jsm, line 575: NotFoundError: No such JSWindowActor 'DevToolsFrame'
JavaScript error: resource://gre/modules/AsyncShutdown.jsm, line 575: NotFoundError: No such JSWindowActor 'DevToolsFrame'
JavaScript error: resource://gre/modules/AsyncShutdown.jsm, line 575: NotFoundError: No such JSWindowActor 'DevToolsFrame'
JavaScript error: resource://gre/modules/AsyncShutdown.jsm, line 575: NotFoundError: No such JSWindowActor 'DevToolsFrame'
1647020420074	Marionette	INFO	Stopped listening on port 38551

###!!! [Parent][PImageBridgeParent] Error: RunMessage(msgname=PImageBridge::Msg_WillClose) Channel closing: too late to send/recv, messages will be lost

JavaScript error: resource://gre/modules/AsyncShutdown.jsm, line 575: NotFoundError: No such JSWindowActor 'DevToolsFrame'
JavaScript error: resource://gre/modules/AsyncShutdown.jsm, line 575: NotFoundError: No such JSWindowActor 'DevToolsFrame'
JavaScript error: resource://gre/modules/AsyncShutdown.jsm, line 575: NotFoundError: No such JSWindowActor 'DevToolsFrame'
JavaScript error: resource://gre/modules/AsyncShutdown.jsm, line 575: NotFoundError: No such JSWindowActor 'DevToolsFrame'
JavaScript error: resource://gre/modules/AsyncShutdown.jsm, line 575: NotFoundError: No such JSWindowActor 'DevToolsFrame'
1647020421302	Marionette	INFO	Stopped listening on port 38241

###!!! [Parent][PImageBridgeParent] Error: RunMessage(msgname=PImageBridge::Msg_WillClose) Channel closing: too late to send/recv, messages will be lost

1647020422312	Marionette	INFO	Stopped listening on port 46677
console.warn: TopSitesFeed: Failed to fetch data from Contile server: NetworkError when attempting to fetch resource.

###!!! [Parent][PImageBridgeParent] Error: RunMessage(msgname=PImageBridge::Msg_WillClose) Channel closing: too late to send/recv, messages will be lost

1647020426553	geckodriver	INFO	Listening on 127.0.0.1:40165
1647020426557	mozrunner::runner	INFO	Running command: "/usr/bin/firefox" "--marionette" "--remote-debugging-port" "37563" "-no-remote" "-profile" "/tmp/rust_mozprofileEHUbKd"
1647020426965	Marionette	INFO	Marionette enabled
console.warn: SearchSettings: "get: No settings file exists, new profile?" (new NotFoundError("Could not open the file at /tmp/rust_mozprofileEHUbKd/search.json.mozlz4", (void 0)))
DevTools listening on ws://localhost:37563/devtools/browser/ba27ea5a-e061-4c0d-96d1-5fb0d4380096
1647020427800	Marionette	INFO	Listening on port 34193
1647020427869	RemoteAgent	WARN	TLS certificate errors will be ignored for this session
console.warn: LoginRecipes: "getRecipes: falling back to a synchronous message for:" "https://open.spotify.com"
console.warn: LoginRecipes: "getRecipes: falling back to a synchronous message for:" "https://tr.snapchat.com"
1647020442547	geckodriver	INFO	Listening on 127.0.0.1:40649
1647020442550	mozrunner::runner	INFO	Running command: "/usr/bin/firefox" "--marionette" "--remote-debugging-port" "54715" "-no-remote" "-profile" "/tmp/rust_mozprofile6ETYDq"
1647020442930	Marionette	INFO	Marionette enabled
console.warn: SearchSettings: "get: No settings file exists, new profile?" (new NotFoundError("Could not open the file at /tmp/rust_mozprofile6ETYDq/search.json.mozlz4", (void 0)))
DevTools listening on ws://localhost:54715/devtools/browser/5a6de6fc-5feb-4729-b92b-f6e21fe14f6c
1647020443658	Marionette	INFO	Listening on port 35029
1647020443772	RemoteAgent	WARN	TLS certificate errors will be ignored for this session
console.warn: LoginRecipes: "getRecipes: falling back to a synchronous message for:" "https://open.spotify.com"
console.warn: LoginRecipes: "getRecipes: falling back to a synchronous message for:" "https://tr.snapchat.com"
1647020453999	geckodriver	INFO	Listening on 127.0.0.1:48763
1647020454001	mozrunner::runner	INFO	Running command: "/usr/bin/firefox" "--marionette" "--remote-debugging-port" "59335" "-no-remote" "-profile" "/tmp/rust_mozprofileZL8GGZ"
1647020454367	Marionette	INFO	Marionette enabled
console.warn: SearchSettings: "get: No settings file exists, new profile?" (new NotFoundError("Could not open the file at /tmp/rust_mozprofileZL8GGZ/search.json.mozlz4", (void 0)))
DevTools listening on ws://localhost:59335/devtools/browser/4411b057-4698-44ca-acc3-e2b3dfc82e08
1647020455109	Marionette	INFO	Listening on port 42195
1647020455223	RemoteAgent	WARN	TLS certificate errors will be ignored for this session
console.warn: LoginRecipes: "getRecipes: falling back to a synchronous message for:" "https://open.spotify.com"
console.warn: LoginRecipes: "getRecipes: falling back to a synchronous message for:" "https://tr.snapchat.com"
1647020467169	geckodriver	INFO	Listening on 127.0.0.1:60663
1647020467172	mozrunner::runner	INFO	Running command: "/usr/bin/firefox" "--marionette" "--remote-debugging-port" "53813" "-no-remote" "-profile" "/tmp/rust_mozprofileDOr2o4"
1647020467541	Marionette	INFO	Marionette enabled
console.warn: SearchSettings: "get: No settings file exists, new profile?" (new NotFoundError("Could not open the file at /tmp/rust_mozprofileDOr2o4/search.json.mozlz4", (void 0)))
DevTools listening on ws://localhost:53813/devtools/browser/9dbd9a02-9d34-4ff5-8126-06ab4ecf7ad0
1647020468249	Marionette	INFO	Listening on port 35307
1647020468283	RemoteAgent	WARN	TLS certificate errors will be ignored for this session
console.warn: LoginRecipes: "getRecipes: falling back to a synchronous message for:" "https://open.spotify.com"
console.warn: LoginRecipes: "getRecipes: falling back to a synchronous message for:" "https://tr.snapchat.com"
1647020475942	Marionette	INFO	Stopped listening on port 42195
console.warn: TopSitesFeed: Failed to fetch data from Contile server: NetworkError when attempting to fetch resource.

###!!! [Parent][PImageBridgeParent] Error: RunMessage(msgname=PImageBridge::Msg_WillClose) Channel closing: too late to send/recv, messages will be lost

1647020476866	Marionette	INFO	Stopped listening on port 35307
console.warn: TopSitesFeed: Failed to fetch data from Contile server: NetworkError when attempting to fetch resource.

###!!! [Parent][PImageBridgeParent] Error: RunMessage(msgname=PImageBridge::Msg_WillClose) Channel closing: too late to send/recv, messages will be lost

1647020478381	Marionette	INFO	Stopped listening on port 35029
console.warn: TopSitesFeed: Failed to fetch data from Contile server: NetworkError when attempting to fetch resource.

###!!! [Parent][PImageBridgeParent] Error: RunMessage(msgname=PImageBridge::Msg_WillClose) Channel closing: too late to send/recv, messages will be lost

1647020479998	Marionette	INFO	Stopped listening on port 34193
console.warn: TopSitesFeed: Failed to fetch data from Contile server: NetworkError when attempting to fetch resource.

###!!! [Parent][PImageBridgeParent] Error: RunMessage(msgname=PImageBridge::Msg_WillClose) Channel closing: too late to send/recv, messages will be lost

1647020504142	geckodriver	INFO	Listening on 127.0.0.1:49709
1647020504144	mozrunner::runner	INFO	Running command: "/usr/bin/firefox" "--marionette" "--remote-debugging-port" "35101" "-no-remote" "-profile" "/tmp/rust_mozprofiletyCanC"
1647020504515	Marionette	INFO	Marionette enabled
console.warn: SearchSettings: "get: No settings file exists, new profile?" (new NotFoundError("Could not open the file at /tmp/rust_mozprofiletyCanC/search.json.mozlz4", (void 0)))
DevTools listening on ws://localhost:35101/devtools/browser/7b513ad9-93e8-4787-927b-4f40528ae5e8
1647020505226	Marionette	INFO	Listening on port 33713
1647020505256	RemoteAgent	WARN	TLS certificate errors will be ignored for this session
console.warn: LoginRecipes: "getRecipes: falling back to a synchronous message for:" "https://open.spotify.com"
console.warn: LoginRecipes: "getRecipes: falling back to a synchronous message for:" "https://tr.snapchat.com"
1647020513746	Marionette	INFO	Stopped listening on port 33713
console.warn: TopSitesFeed: Failed to fetch data from Contile server: NetworkError when attempting to fetch resource.

###!!! [Parent][PImageBridgeParent] Error: RunMessage(msgname=PImageBridge::Msg_WillClose) Channel closing: too late to send/recv, messages will be lost

1647020528889	Marionette	INFO	Stopped listening on port 36853
console.warn: TopSitesFeed: Failed to fetch data from Contile server: NetworkError when attempting to fetch resource.

###!!! [Parent][PImageBridgeParent] Error: RunMessage(msgname=PImageBridge::Msg_WillClose) Channel closing: too late to send/recv, messages will be lost

1647020530354	geckodriver	INFO	Listening on 127.0.0.1:58953
1647020530356	mozrunner::runner	INFO	Running command: "/usr/bin/firefox" "--marionette" "--remote-debugging-port" "39519" "-no-remote" "-profile" "/tmp/rust_mozprofileWifVML"
1647020530724	Marionette	INFO	Marionette enabled
console.warn: SearchSettings: "get: No settings file exists, new profile?" (new NotFoundError("Could not open the file at /tmp/rust_mozprofileWifVML/search.json.mozlz4", (void 0)))
DevTools listening on ws://localhost:39519/devtools/browser/3cd745b0-64bd-4725-b347-30b626ec8ced
1647020531487	Marionette	INFO	Listening on port 36901
1647020531568	RemoteAgent	WARN	TLS certificate errors will be ignored for this session
console.warn: LoginRecipes: "getRecipes: falling back to a synchronous message for:" "https://open.spotify.com"
console.warn: LoginRecipes: "getRecipes: falling back to a synchronous message for:" "https://tr.snapchat.com"
1647020554161	geckodriver	INFO	Listening on 127.0.0.1:49215
1647020554164	mozrunner::runner	INFO	Running command: "/usr/bin/firefox" "--marionette" "--remote-debugging-port" "49157" "-no-remote" "-profile" "/tmp/rust_mozprofilemlgtyF"
1647020554534	Marionette	INFO	Marionette enabled
console.warn: SearchSettings: "get: No settings file exists, new profile?" (new NotFoundError("Could not open the file at /tmp/rust_mozprofilemlgtyF/search.json.mozlz4", (void 0)))
DevTools listening on ws://localhost:49157/devtools/browser/ab39f0a1-530f-4694-9b50-0f086f6f42de
1647020555252	Marionette	INFO	Listening on port 45793
1647020555277	RemoteAgent	WARN	TLS certificate errors will be ignored for this session
console.warn: LoginRecipes: "getRecipes: falling back to a synchronous message for:" "https://open.spotify.com"
console.warn: LoginRecipes: "getRecipes: falling back to a synchronous message for:" "https://tr.snapchat.com"
1647020576962	geckodriver	INFO	Listening on 127.0.0.1:35061
1647020576965	mozrunner::runner	INFO	Running command: "/usr/bin/firefox" "--marionette" "--remote-debugging-port" "46547" "-no-remote" "-profile" "/tmp/rust_mozprofilegPnFdQ"
1647020577332	Marionette	INFO	Marionette enabled
console.warn: SearchSettings: "get: No settings file exists, new profile?" (new NotFoundError("Could not open the file at /tmp/rust_mozprofilegPnFdQ/search.json.mozlz4", (void 0)))
DevTools listening on ws://localhost:46547/devtools/browser/6b5e578f-fabe-45ed-9c01-1d7a91076930
1647020578054	Marionette	INFO	Listening on port 37885
1647020578076	RemoteAgent	WARN	TLS certificate errors will be ignored for this session
console.warn: LoginRecipes: "getRecipes: falling back to a synchronous message for:" "https://open.spotify.com"
console.warn: LoginRecipes: "getRecipes: falling back to a synchronous message for:" "https://tr.snapchat.com"
1647020588543	Marionette	INFO	Stopped listening on port 37885
console.warn: TopSitesFeed: Failed to fetch data from Contile server: NetworkError when attempting to fetch resource.

###!!! [Parent][PImageBridgeParent] Error: RunMessage(msgname=PImageBridge::Msg_WillClose) Channel closing: too late to send/recv, messages will be lost

1647020594015	geckodriver	INFO	Listening on 127.0.0.1:47769
1647020594017	mozrunner::runner	INFO	Running command: "/usr/bin/firefox" "--marionette" "--remote-debugging-port" "58517" "-no-remote" "-profile" "/tmp/rust_mozprofileT8S7H8"
1647020594396	Marionette	INFO	Marionette enabled
console.warn: SearchSettings: "get: No settings file exists, new profile?" (new NotFoundError("Could not open the file at /tmp/rust_mozprofileT8S7H8/search.json.mozlz4", (void 0)))
DevTools listening on ws://localhost:58517/devtools/browser/04b5648c-903a-46ad-af00-197d2b012327
1647020595133	Marionette	INFO	Listening on port 35925
1647020595235	RemoteAgent	WARN	TLS certificate errors will be ignored for this session
console.warn: LoginRecipes: "getRecipes: falling back to a synchronous message for:" "https://open.spotify.com"
console.warn: LoginRecipes: "getRecipes: falling back to a synchronous message for:" "https://tr.snapchat.com"
1647020626241	geckodriver	INFO	Listening on 127.0.0.1:41347
1647020626243	mozrunner::runner	INFO	Running command: "/usr/bin/firefox" "--marionette" "--remote-debugging-port" "35645" "-no-remote" "-profile" "/tmp/rust_mozprofilePoZQGN"
1647020626609	Marionette	INFO	Marionette enabled
console.warn: SearchSettings: "get: No settings file exists, new profile?" (new NotFoundError("Could not open the file at /tmp/rust_mozprofilePoZQGN/search.json.mozlz4", (void 0)))
DevTools listening on ws://localhost:35645/devtools/browser/17573cda-2949-4917-ac5b-43ea7aa2a293
1647020627327	Marionette	INFO	Listening on port 43413
1647020627353	RemoteAgent	WARN	TLS certificate errors will be ignored for this session
console.warn: LoginRecipes: "getRecipes: falling back to a synchronous message for:" "https://open.spotify.com"
console.warn: LoginRecipes: "getRecipes: falling back to a synchronous message for:" "https://tr.snapchat.com"
1647020659710	geckodriver	INFO	Listening on 127.0.0.1:40987
1647020659712	mozrunner::runner	INFO	Running command: "/usr/bin/firefox" "--marionette" "--remote-debugging-port" "34327" "-no-remote" "-profile" "/tmp/rust_mozprofile5qMNpZ"
1647020660117	Marionette	INFO	Marionette enabled
console.warn: SearchSettings: "get: No settings file exists, new profile?" (new NotFoundError("Could not open the file at /tmp/rust_mozprofile5qMNpZ/search.json.mozlz4", (void 0)))
DevTools listening on ws://localhost:34327/devtools/browser/61152879-a67c-43d6-9d49-852cbd650c11
1647020660806	Marionette	INFO	Listening on port 39217
1647020660824	RemoteAgent	WARN	TLS certificate errors will be ignored for this session
console.warn: LoginRecipes: "getRecipes: falling back to a synchronous message for:" "https://open.spotify.com"
console.warn: LoginRecipes: "getRecipes: falling back to a synchronous message for:" "https://tr.snapchat.com"
1647020678396	geckodriver	INFO	Listening on 127.0.0.1:41417
1647020678398	mozrunner::runner	INFO	Running command: "/usr/bin/firefox" "--marionette" "--remote-debugging-port" "35595" "-no-remote" "-profile" "/tmp/rust_mozprofileQFzsZ4"
1647020678764	Marionette	INFO	Marionette enabled
console.warn: SearchSettings: "get: No settings file exists, new profile?" (new NotFoundError("Could not open the file at /tmp/rust_mozprofileQFzsZ4/search.json.mozlz4", (void 0)))
DevTools listening on ws://localhost:35595/devtools/browser/e1e6b09b-e93d-4c75-b1d9-85dd24ee591b
1647020679442	Marionette	INFO	Listening on port 38395
1647020679518	RemoteAgent	WARN	TLS certificate errors will be ignored for this session
console.warn: LoginRecipes: "getRecipes: falling back to a synchronous message for:" "https://open.spotify.com"
console.warn: LoginRecipes: "getRecipes: falling back to a synchronous message for:" "https://tr.snapchat.com"
1647020691619	geckodriver	INFO	Listening on 127.0.0.1:36725
1647020691621	mozrunner::runner	INFO	Running command: "/usr/bin/firefox" "--marionette" "--remote-debugging-port" "53099" "-no-remote" "-profile" "/tmp/rust_mozprofilexqGc7Y"
1647020691991	Marionette	INFO	Marionette enabled
console.warn: SearchSettings: "get: No settings file exists, new profile?" (new NotFoundError("Could not open the file at /tmp/rust_mozprofilexqGc7Y/search.json.mozlz4", (void 0)))
DevTools listening on ws://localhost:53099/devtools/browser/d2d1154b-c252-4520-8533-8694445b90a6
1647020692684	Marionette	INFO	Listening on port 41479
1647020692733	RemoteAgent	WARN	TLS certificate errors will be ignored for this session
console.warn: LoginRecipes: "getRecipes: falling back to a synchronous message for:" "https://open.spotify.com"
console.warn: LoginRecipes: "getRecipes: falling back to a synchronous message for:" "https://tr.snapchat.com"
1647020718448	geckodriver	INFO	Listening on 127.0.0.1:34551
1647020718451	mozrunner::runner	INFO	Running command: "/usr/bin/firefox" "--marionette" "--remote-debugging-port" "47669" "-no-remote" "-profile" "/tmp/rust_mozprofileYu6dxP"
1647020718817	Marionette	INFO	Marionette enabled
console.warn: SearchSettings: "get: No settings file exists, new profile?" (new NotFoundError("Could not open the file at /tmp/rust_mozprofileYu6dxP/search.json.mozlz4", (void 0)))
DevTools listening on ws://localhost:47669/devtools/browser/796ae257-6532-4a77-a746-cec42e7f29ce
1647020719494	Marionette	INFO	Listening on port 46383
1647020719561	RemoteAgent	WARN	TLS certificate errors will be ignored for this session
console.warn: LoginRecipes: "getRecipes: falling back to a synchronous message for:" "https://open.spotify.com"
console.warn: LoginRecipes: "getRecipes: falling back to a synchronous message for:" "https://tr.snapchat.com"
1647020754832	Marionette	INFO	Stopped listening on port 45793
console.warn: TopSitesFeed: Failed to fetch data from Contile server: NetworkError when attempting to fetch resource.

###!!! [Parent][PImageBridgeParent] Error: RunMessage(msgname=PImageBridge::Msg_WillClose) Channel closing: too late to send/recv, messages will be lost

1647020755748	Marionette	INFO	Stopped listening on port 36901
console.warn: TopSitesFeed: Failed to fetch data from Contile server: NetworkError when attempting to fetch resource.

###!!! [Parent][PImageBridgeParent] Error: RunMessage(msgname=PImageBridge::Msg_WillClose) Channel closing: too late to send/recv, messages will be lost

1647020756599	Marionette	INFO	Stopped listening on port 35925
console.warn: TopSitesFeed: Failed to fetch data from Contile server: NetworkError when attempting to fetch resource.

###!!! [Parent][PImageBridgeParent] Error: RunMessage(msgname=PImageBridge::Msg_WillClose) Channel closing: too late to send/recv, messages will be lost

1647020757433	Marionette	INFO	Stopped listening on port 43413
console.warn: TopSitesFeed: Failed to fetch data from Contile server: NetworkError when attempting to fetch resource.

###!!! [Parent][PImageBridgeParent] Error: RunMessage(msgname=PImageBridge::Msg_WillClose) Channel closing: too late to send/recv, messages will be lost

1647020758349	Marionette	INFO	Stopped listening on port 39217
console.warn: TopSitesFeed: Failed to fetch data from Contile server: NetworkError when attempting to fetch resource.

###!!! [Parent][PImageBridgeParent] Error: RunMessage(msgname=PImageBridge::Msg_WillClose) Channel closing: too late to send/recv, messages will be lost

1647020759319	Marionette	INFO	Stopped listening on port 38395
console.warn: TopSitesFeed: Failed to fetch data from Contile server: NetworkError when attempting to fetch resource.

###!!! [Parent][PImageBridgeParent] Error: RunMessage(msgname=PImageBridge::Msg_WillClose) Channel closing: too late to send/recv, messages will be lost

1647020760280	Marionette	INFO	Stopped listening on port 41479
console.warn: TopSitesFeed: Failed to fetch data from Contile server: NetworkError when attempting to fetch resource.

###!!! [Parent][PImageBridgeParent] Error: RunMessage(msgname=PImageBridge::Msg_WillClose) Channel closing: too late to send/recv, messages will be lost

1647020762676	Marionette	INFO	Stopped listening on port 46383
console.warn: TopSitesFeed: Failed to fetch data from Contile server: NetworkError when attempting to fetch resource.

###!!! [Parent][PImageBridgeParent] Error: RunMessage(msgname=PImageBridge::Msg_WillClose) Channel closing: too late to send/recv, messages will be lost

1647020816627	geckodriver	INFO	Listening on 127.0.0.1:37875
1647020816630	mozrunner::runner	INFO	Running command: "/usr/bin/firefox" "--marionette" "--remote-debugging-port" "43473" "-no-remote" "-profile" "/tmp/rust_mozprofileU0Vgmq"
1647020816995	Marionette	INFO	Marionette enabled
console.warn: SearchSettings: "get: No settings file exists, new profile?" (new NotFoundError("Could not open the file at /tmp/rust_mozprofileU0Vgmq/search.json.mozlz4", (void 0)))
DevTools listening on ws://localhost:43473/devtools/browser/0ec544d9-c591-4bef-8074-6fd6330631b2
1647020817796	Marionette	INFO	Listening on port 36331
1647020817840	RemoteAgent	WARN	TLS certificate errors will be ignored for this session
console.warn: LoginRecipes: "getRecipes: falling back to a synchronous message for:" "https://open.spotify.com"
console.warn: LoginRecipes: "getRecipes: falling back to a synchronous message for:" "https://tr.snapchat.com"
1647020839384	geckodriver	INFO	Listening on 127.0.0.1:48621
1647020839386	mozrunner::runner	INFO	Running command: "/usr/bin/firefox" "--marionette" "--remote-debugging-port" "51553" "-no-remote" "-profile" "/tmp/rust_mozprofileavvdbt"
1647020839750	Marionette	INFO	Marionette enabled
console.warn: SearchSettings: "get: No settings file exists, new profile?" (new NotFoundError("Could not open the file at /tmp/rust_mozprofileavvdbt/search.json.mozlz4", (void 0)))
DevTools listening on ws://localhost:51553/devtools/browser/d3a8fa8b-ba19-4146-8d1a-5501b2063d2c
1647020840463	Marionette	INFO	Listening on port 46677
1647020840496	RemoteAgent	WARN	TLS certificate errors will be ignored for this session
console.warn: LoginRecipes: "getRecipes: falling back to a synchronous message for:" "https://open.spotify.com"
console.warn: LoginRecipes: "getRecipes: falling back to a synchronous message for:" "https://tr.snapchat.com"
1647020848783	Marionette	INFO	Stopped listening on port 46677
console.warn: TopSitesFeed: Failed to fetch data from Contile server: NetworkError when attempting to fetch resource.

###!!! [Parent][PImageBridgeParent] Error: RunMessage(msgname=PImageBridge::Msg_WillClose) Channel closing: too late to send/recv, messages will be lost

1647020849745	Marionette	INFO	Stopped listening on port 36331
console.warn: TopSitesFeed: Failed to fetch data from Contile server: NetworkError when attempting to fetch resource.

###!!! [Parent][PImageBridgeParent] Error: RunMessage(msgname=PImageBridge::Msg_WillClose) Channel closing: too late to send/recv, messages will be lost

1647020861125	geckodriver	INFO	Listening on 127.0.0.1:35899
1647020861127	mozrunner::runner	INFO	Running command: "/usr/bin/firefox" "--marionette" "--remote-debugging-port" "51573" "-no-remote" "-profile" "/tmp/rust_mozprofileSaj38W"
1647020861509	Marionette	INFO	Marionette enabled
console.warn: SearchSettings: "get: No settings file exists, new profile?" (new NotFoundError("Could not open the file at /tmp/rust_mozprofileSaj38W/search.json.mozlz4", (void 0)))
DevTools listening on ws://localhost:51573/devtools/browser/7f27189d-4776-4d80-9be1-470f70662a7e
1647020862251	Marionette	INFO	Listening on port 42375
1647020862340	RemoteAgent	WARN	TLS certificate errors will be ignored for this session
console.warn: LoginRecipes: "getRecipes: falling back to a synchronous message for:" "https://open.spotify.com"
console.warn: LoginRecipes: "getRecipes: falling back to a synchronous message for:" "https://tr.snapchat.com"
1647020880498	geckodriver	INFO	Listening on 127.0.0.1:52081
1647020880501	mozrunner::runner	INFO	Running command: "/usr/bin/firefox" "--marionette" "--remote-debugging-port" "60135" "-no-remote" "-profile" "/tmp/rust_mozprofile2xhG99"
1647020880878	Marionette	INFO	Marionette enabled
console.warn: SearchSettings: "get: No settings file exists, new profile?" (new NotFoundError("Could not open the file at /tmp/rust_mozprofile2xhG99/search.json.mozlz4", (void 0)))
DevTools listening on ws://localhost:60135/devtools/browser/7a76db5c-5dab-4ac0-a2e3-0c1b3e5b8273
1647020881540	Marionette	INFO	Listening on port 43603
1647020881612	RemoteAgent	WARN	TLS certificate errors will be ignored for this session
console.warn: LoginRecipes: "getRecipes: falling back to a synchronous message for:" "https://open.spotify.com"
console.warn: LoginRecipes: "getRecipes: falling back to a synchronous message for:" "https://tr.snapchat.com"
1647020890887	geckodriver	INFO	Listening on 127.0.0.1:49795
1647020890889	mozrunner::runner	INFO	Running command: "/usr/bin/firefox" "--marionette" "--remote-debugging-port" "55479" "-no-remote" "-profile" "/tmp/rust_mozprofileELHSms"
1647020891256	Marionette	INFO	Marionette enabled
console.warn: SearchSettings: "get: No settings file exists, new profile?" (new NotFoundError("Could not open the file at /tmp/rust_mozprofileELHSms/search.json.mozlz4", (void 0)))
DevTools listening on ws://localhost:55479/devtools/browser/2394df79-dbe8-49a8-ab47-9c1926d8768b
1647020892032	Marionette	INFO	Listening on port 40029
1647020892102	RemoteAgent	WARN	TLS certificate errors will be ignored for this session
console.warn: LoginRecipes: "getRecipes: falling back to a synchronous message for:" "https://open.spotify.com"
console.warn: LoginRecipes: "getRecipes: falling back to a synchronous message for:" "https://tr.snapchat.com"
1647020935748	Marionette	INFO	Stopped listening on port 40029
console.warn: TopSitesFeed: Failed to fetch data from Contile server: NetworkError when attempting to fetch resource.

###!!! [Parent][PImageBridgeParent] Error: RunMessage(msgname=PImageBridge::Msg_WillClose) Channel closing: too late to send/recv, messages will be lost

1647020938161	Marionette	INFO	Stopped listening on port 43603
console.warn: TopSitesFeed: Failed to fetch data from Contile server: NetworkError when attempting to fetch resource.

###!!! [Parent][PImageBridgeParent] Error: RunMessage(msgname=PImageBridge::Msg_WillClose) Channel closing: too late to send/recv, messages will be lost

1647020939191	Marionette	INFO	Stopped listening on port 42375
console.warn: TopSitesFeed: Failed to fetch data from Contile server: NetworkError when attempting to fetch resource.

###!!! [Parent][PImageBridgeParent] Error: RunMessage(msgname=PImageBridge::Msg_WillClose) Channel closing: too late to send/recv, messages will be lost

1647021007993	geckodriver	INFO	Listening on 127.0.0.1:56847
1647021007995	mozrunner::runner	INFO	Running command: "/usr/bin/firefox" "--marionette" "--remote-debugging-port" "48519" "-no-remote" "-profile" "/tmp/rust_mozprofile0NWCLD"
1647021008380	Marionette	INFO	Marionette enabled
console.warn: SearchSettings: "get: No settings file exists, new profile?" (new NotFoundError("Could not open the file at /tmp/rust_mozprofile0NWCLD/search.json.mozlz4", (void 0)))
DevTools listening on ws://localhost:48519/devtools/browser/70acef46-daff-4f91-84d1-7442b277c843
1647021009065	Marionette	INFO	Listening on port 41343
1647021009106	RemoteAgent	WARN	TLS certificate errors will be ignored for this session
console.warn: LoginRecipes: "getRecipes: falling back to a synchronous message for:" "https://open.spotify.com"
console.warn: LoginRecipes: "getRecipes: falling back to a synchronous message for:" "https://tr.snapchat.com"
1647021037153	geckodriver	INFO	Listening on 127.0.0.1:38137
1647021037156	mozrunner::runner	INFO	Running command: "/usr/bin/firefox" "--marionette" "--remote-debugging-port" "55437" "-no-remote" "-profile" "/tmp/rust_mozprofileANHM2t"
1647021037531	Marionette	INFO	Marionette enabled
console.warn: SearchSettings: "get: No settings file exists, new profile?" (new NotFoundError("Could not open the file at /tmp/rust_mozprofileANHM2t/search.json.mozlz4", (void 0)))
DevTools listening on ws://localhost:55437/devtools/browser/0fcbaca1-8b7a-42b5-a1fb-b323ec83b76e
1647021038210	Marionette	INFO	Listening on port 42091
1647021038265	RemoteAgent	WARN	TLS certificate errors will be ignored for this session
console.warn: LoginRecipes: "getRecipes: falling back to a synchronous message for:" "https://open.spotify.com"
console.warn: LoginRecipes: "getRecipes: falling back to a synchronous message for:" "https://tr.snapchat.com"
1647021046638	Marionette	INFO	Stopped listening on port 42091
console.warn: TopSitesFeed: Failed to fetch data from Contile server: NetworkError when attempting to fetch resource.

###!!! [Parent][PImageBridgeParent] Error: RunMessage(msgname=PImageBridge::Msg_WillClose) Channel closing: too late to send/recv, messages will be lost

1647021131870	geckodriver	INFO	Listening on 127.0.0.1:60365
1647021131873	mozrunner::runner	INFO	Running command: "/usr/bin/firefox" "--marionette" "--remote-debugging-port" "50733" "-no-remote" "-profile" "/tmp/rust_mozprofile4cCZCA"
1647021132241	Marionette	INFO	Marionette enabled
console.warn: SearchSettings: "get: No settings file exists, new profile?" (new NotFoundError("Could not open the file at /tmp/rust_mozprofile4cCZCA/search.json.mozlz4", (void 0)))
DevTools listening on ws://localhost:50733/devtools/browser/91a7e633-5a1d-43e6-9971-2877351b6329
1647021133051	Marionette	INFO	Listening on port 36677
1647021133083	RemoteAgent	WARN	TLS certificate errors will be ignored for this session
console.warn: LoginRecipes: "getRecipes: falling back to a synchronous message for:" "https://open.spotify.com"
console.warn: LoginRecipes: "getRecipes: falling back to a synchronous message for:" "https://tr.snapchat.com"
1647021162257	geckodriver	INFO	Listening on 127.0.0.1:51377
1647021162260	mozrunner::runner	INFO	Running command: "/usr/bin/firefox" "--marionette" "--remote-debugging-port" "58561" "-no-remote" "-profile" "/tmp/rust_mozprofilekNEJ27"
1647021162632	Marionette	INFO	Marionette enabled
console.warn: SearchSettings: "get: No settings file exists, new profile?" (new NotFoundError("Could not open the file at /tmp/rust_mozprofilekNEJ27/search.json.mozlz4", (void 0)))
DevTools listening on ws://localhost:58561/devtools/browser/a8f2b6b2-64b4-461f-8e81-4703c8e699af
1647021163421	Marionette	INFO	Listening on port 45375
1647021163471	RemoteAgent	WARN	TLS certificate errors will be ignored for this session
console.warn: LoginRecipes: "getRecipes: falling back to a synchronous message for:" "https://open.spotify.com"
console.warn: LoginRecipes: "getRecipes: falling back to a synchronous message for:" "https://tr.snapchat.com"
1647021173859	Marionette	INFO	Stopped listening on port 45375
console.warn: TopSitesFeed: Failed to fetch data from Contile server: NetworkError when attempting to fetch resource.

###!!! [Parent][PImageBridgeParent] Error: RunMessage(msgname=PImageBridge::Msg_WillClose) Channel closing: too late to send/recv, messages will be lost

1647021340086	geckodriver	INFO	Listening on 127.0.0.1:39655
1647021340088	mozrunner::runner	INFO	Running command: "/usr/bin/firefox" "--marionette" "--remote-debugging-port" "33411" "-no-remote" "-profile" "/tmp/rust_mozprofilekHQ2Zu"
1647021340453	Marionette	INFO	Marionette enabled
console.warn: SearchSettings: "get: No settings file exists, new profile?" (new NotFoundError("Could not open the file at /tmp/rust_mozprofilekHQ2Zu/search.json.mozlz4", (void 0)))
DevTools listening on ws://localhost:33411/devtools/browser/f84dfaeb-5a65-46bc-85b4-2c3ab9564a36
1647021341162	Marionette	INFO	Listening on port 36477
1647021341198	RemoteAgent	WARN	TLS certificate errors will be ignored for this session
console.warn: LoginRecipes: "getRecipes: falling back to a synchronous message for:" "https://open.spotify.com"
console.warn: LoginRecipes: "getRecipes: falling back to a synchronous message for:" "https://tr.snapchat.com"
1647021352198	geckodriver	INFO	Listening on 127.0.0.1:58563
1647021352200	mozrunner::runner	INFO	Running command: "/usr/bin/firefox" "--marionette" "--remote-debugging-port" "36923" "-no-remote" "-profile" "/tmp/rust_mozprofileVsqk13"
1647021352565	Marionette	INFO	Marionette enabled
console.warn: SearchSettings: "get: No settings file exists, new profile?" (new NotFoundError("Could not open the file at /tmp/rust_mozprofileVsqk13/search.json.mozlz4", (void 0)))
DevTools listening on ws://localhost:36923/devtools/browser/7768c472-1f7a-4abc-aabb-9c280b11b04b
1647021353243	Marionette	INFO	Listening on port 40011
1647021353312	RemoteAgent	WARN	TLS certificate errors will be ignored for this session
console.warn: LoginRecipes: "getRecipes: falling back to a synchronous message for:" "https://open.spotify.com"
console.warn: LoginRecipes: "getRecipes: falling back to a synchronous message for:" "https://tr.snapchat.com"
1647021371080	geckodriver	INFO	Listening on 127.0.0.1:42147
1647021371082	mozrunner::runner	INFO	Running command: "/usr/bin/firefox" "--marionette" "--remote-debugging-port" "39957" "-no-remote" "-profile" "/tmp/rust_mozprofile62iQoa"
1647021371449	Marionette	INFO	Marionette enabled
console.warn: SearchSettings: "get: No settings file exists, new profile?" (new NotFoundError("Could not open the file at /tmp/rust_mozprofile62iQoa/search.json.mozlz4", (void 0)))
DevTools listening on ws://localhost:39957/devtools/browser/93370421-ff14-4475-b842-9be50ca0a8e5
1647021372141	Marionette	INFO	Listening on port 46345
1647021372202	RemoteAgent	WARN	TLS certificate errors will be ignored for this session
console.warn: LoginRecipes: "getRecipes: falling back to a synchronous message for:" "https://open.spotify.com"
console.warn: LoginRecipes: "getRecipes: falling back to a synchronous message for:" "https://tr.snapchat.com"
1647021384522	geckodriver	INFO	Listening on 127.0.0.1:50239
1647021384524	mozrunner::runner	INFO	Running command: "/usr/bin/firefox" "--marionette" "--remote-debugging-port" "46411" "-no-remote" "-profile" "/tmp/rust_mozprofileDcrVdn"
1647021384901	Marionette	INFO	Marionette enabled
console.warn: SearchSettings: "get: No settings file exists, new profile?" (new NotFoundError("Could not open the file at /tmp/rust_mozprofileDcrVdn/search.json.mozlz4", (void 0)))
DevTools listening on ws://localhost:46411/devtools/browser/4f976130-4b55-4ffe-bc15-4afb52a2f578
1647021385580	Marionette	INFO	Listening on port 37121
1647021385637	RemoteAgent	WARN	TLS certificate errors will be ignored for this session
console.warn: LoginRecipes: "getRecipes: falling back to a synchronous message for:" "https://open.spotify.com"
console.warn: LoginRecipes: "getRecipes: falling back to a synchronous message for:" "https://tr.snapchat.com"
1647021400001	geckodriver	INFO	Listening on 127.0.0.1:47249
1647021400003	mozrunner::runner	INFO	Running command: "/usr/bin/firefox" "--marionette" "--remote-debugging-port" "46689" "-no-remote" "-profile" "/tmp/rust_mozprofileLqtOlr"
1647021400369	Marionette	INFO	Marionette enabled
console.warn: SearchSettings: "get: No settings file exists, new profile?" (new NotFoundError("Could not open the file at /tmp/rust_mozprofileLqtOlr/search.json.mozlz4", (void 0)))
DevTools listening on ws://localhost:46689/devtools/browser/eae1115d-6720-43bf-9b33-a9862ad2f2f6
1647021401046	Marionette	INFO	Listening on port 46327
1647021401125	RemoteAgent	WARN	TLS certificate errors will be ignored for this session
console.warn: LoginRecipes: "getRecipes: falling back to a synchronous message for:" "https://open.spotify.com"
console.warn: LoginRecipes: "getRecipes: falling back to a synchronous message for:" "https://tr.snapchat.com"
1647021452165	geckodriver	INFO	Listening on 127.0.0.1:52297
1647021452167	mozrunner::runner	INFO	Running command: "/usr/bin/firefox" "--marionette" "--remote-debugging-port" "56629" "-no-remote" "-profile" "/tmp/rust_mozprofileJf5yHR"
1647021452541	Marionette	INFO	Marionette enabled
console.warn: SearchSettings: "get: No settings file exists, new profile?" (new NotFoundError("Could not open the file at /tmp/rust_mozprofileJf5yHR/search.json.mozlz4", (void 0)))
DevTools listening on ws://localhost:56629/devtools/browser/2ee247bc-3677-4fa2-8e5e-6bfada1ca737
1647021453243	Marionette	INFO	Listening on port 42953
1647021453278	RemoteAgent	WARN	TLS certificate errors will be ignored for this session
console.warn: LoginRecipes: "getRecipes: falling back to a synchronous message for:" "https://open.spotify.com"
console.warn: LoginRecipes: "getRecipes: falling back to a synchronous message for:" "https://tr.snapchat.com"
1647021470674	Marionette	INFO	Stopped listening on port 42953
console.warn: TopSitesFeed: Failed to fetch data from Contile server: NetworkError when attempting to fetch resource.

###!!! [Parent][PImageBridgeParent] Error: RunMessage(msgname=PImageBridge::Msg_WillClose) Channel closing: too late to send/recv, messages will be lost

1647021481954	geckodriver	INFO	Listening on 127.0.0.1:54355
1647021481956	mozrunner::runner	INFO	Running command: "/usr/bin/firefox" "--marionette" "--remote-debugging-port" "44055" "-no-remote" "-profile" "/tmp/rust_mozprofileVN3Sq4"
1647021482325	Marionette	INFO	Marionette enabled
console.warn: SearchSettings: "get: No settings file exists, new profile?" (new NotFoundError("Could not open the file at /tmp/rust_mozprofileVN3Sq4/search.json.mozlz4", (void 0)))
DevTools listening on ws://localhost:44055/devtools/browser/ee19fc4a-3764-4665-884e-635876b53d70
1647021483081	Marionette	INFO	Listening on port 41533
1647021483171	RemoteAgent	WARN	TLS certificate errors will be ignored for this session
console.warn: LoginRecipes: "getRecipes: falling back to a synchronous message for:" "https://open.spotify.com"
console.warn: LoginRecipes: "getRecipes: falling back to a synchronous message for:" "https://tr.snapchat.com"
1647021490469	Marionette	INFO	Stopped listening on port 41533
console.warn: TopSitesFeed: Failed to fetch data from Contile server: NetworkError when attempting to fetch resource.

###!!! [Parent][PImageBridgeParent] Error: RunMessage(msgname=PImageBridge::Msg_WillClose) Channel closing: too late to send/recv, messages will be lost

1647021520476	geckodriver	INFO	Listening on 127.0.0.1:49777
1647021520479	mozrunner::runner	INFO	Running command: "/usr/bin/firefox" "--marionette" "--remote-debugging-port" "34145" "-no-remote" "-profile" "/tmp/rust_mozprofile0iiZbF"
1647021520851	Marionette	INFO	Marionette enabled
console.warn: SearchSettings: "get: No settings file exists, new profile?" (new NotFoundError("Could not open the file at /tmp/rust_mozprofile0iiZbF/search.json.mozlz4", (void 0)))
DevTools listening on ws://localhost:34145/devtools/browser/563e9997-dd69-4fd9-b29d-644053685cab
1647021521581	Marionette	INFO	Listening on port 36421
1647021521691	RemoteAgent	WARN	TLS certificate errors will be ignored for this session
console.warn: LoginRecipes: "getRecipes: falling back to a synchronous message for:" "https://open.spotify.com"
console.warn: LoginRecipes: "getRecipes: falling back to a synchronous message for:" "https://tr.snapchat.com"
1647021529727	Marionette	INFO	Stopped listening on port 36421
console.warn: TopSitesFeed: Failed to fetch data from Contile server: NetworkError when attempting to fetch resource.

###!!! [Parent][PImageBridgeParent] Error: RunMessage(msgname=PImageBridge::Msg_WillClose) Channel closing: too late to send/recv, messages will be lost

1647021535076	geckodriver	INFO	Listening on 127.0.0.1:46521
1647021535078	mozrunner::runner	INFO	Running command: "/usr/bin/firefox" "--marionette" "--remote-debugging-port" "51321" "-no-remote" "-profile" "/tmp/rust_mozprofileRMzPqk"
1647021535444	Marionette	INFO	Marionette enabled
console.warn: SearchSettings: "get: No settings file exists, new profile?" (new NotFoundError("Could not open the file at /tmp/rust_mozprofileRMzPqk/search.json.mozlz4", (void 0)))
DevTools listening on ws://localhost:51321/devtools/browser/07b405d3-845b-41e8-9591-6dea78527b07
1647021536161	Marionette	INFO	Listening on port 43419
1647021536189	RemoteAgent	WARN	TLS certificate errors will be ignored for this session
console.warn: LoginRecipes: "getRecipes: falling back to a synchronous message for:" "https://open.spotify.com"
console.warn: LoginRecipes: "getRecipes: falling back to a synchronous message for:" "https://tr.snapchat.com"
1647021545725	Marionette	INFO	Stopped listening on port 43419
console.warn: TopSitesFeed: Failed to fetch data from Contile server: NetworkError when attempting to fetch resource.

###!!! [Parent][PImageBridgeParent] Error: RunMessage(msgname=PImageBridge::Msg_WillClose) Channel closing: too late to send/recv, messages will be lost

1647021572539	geckodriver	INFO	Listening on 127.0.0.1:47807
1647021572541	mozrunner::runner	INFO	Running command: "/usr/bin/firefox" "--marionette" "--remote-debugging-port" "44351" "-no-remote" "-profile" "/tmp/rust_mozprofileNKGhNW"
1647021572914	Marionette	INFO	Marionette enabled
console.warn: SearchSettings: "get: No settings file exists, new profile?" (new NotFoundError("Could not open the file at /tmp/rust_mozprofileNKGhNW/search.json.mozlz4", (void 0)))
DevTools listening on ws://localhost:44351/devtools/browser/f2c85cd5-21b3-4194-a87f-428d4100b678
1647021573623	Marionette	INFO	Listening on port 33485
1647021573656	RemoteAgent	WARN	TLS certificate errors will be ignored for this session
console.warn: LoginRecipes: "getRecipes: falling back to a synchronous message for:" "https://open.spotify.com"
console.warn: LoginRecipes: "getRecipes: falling back to a synchronous message for:" "https://tr.snapchat.com"
Exiting due to channel error.
Exiting due to channel error.
Exiting due to channel error.
